2023-09-12 04:05:16,462 - INFO - Saved: AZ8_lrgV
2023-09-12 04:05:16,462 - INFO - Saved: AZyv_iig
2023-09-12 04:05:16,499 - INFO - Saved: AZ97mGBi
2023-09-12 04:05:16,642 - INFO - Saved: AZ0X2bV7
2023-09-12 04:05:16,658 - INFO - Saved: AZ-jM65N
2023-09-12 04:05:16,661 - INFO - Saved: AZrHAaSf
2023-09-12 04:05:16,672 - INFO - Saved: AZhv7RhO
2023-09-12 04:05:16,712 - INFO - Saved: AZ-jM4vR
2023-09-12 04:05:16,851 - INFO - Saved: AZgToLGY
2023-09-12 04:05:16,919 - INFO - Saved: AZzTE6gW
2023-09-12 04:05:17,046 - INFO - Saved: AZ1r7BRG
2023-09-12 04:05:18,247 - INFO - Saved: AZ-fsjzL
2023-09-12 04:05:18,429 - INFO - Saved: AZ0PDBtM
2023-09-12 04:05:18,487 - INFO - Saved: AZ-jc4f9
2023-09-12 04:05:18,547 - INFO - Saved: AZ8b2vTd
2023-09-12 04:05:18,782 - INFO - Saved: AZ8TAA0o
2023-09-12 04:05:19,850 - INFO - Saved: AZ979nXs
2023-09-12 04:05:19,907 - INFO - Saved: AZ9XN7Zc
2023-09-12 04:05:20,787 - INFO - Saved: AZv_wIhK
2023-09-12 04:05:22,768 - INFO - Saved: AZvHBIVF
2023-09-12 04:05:22,835 - INFO - Saved: AZ9DXWpY
2023-09-12 04:05:24,075 - INFO - Saved: AZ-js3N_
2023-09-12 04:05:24,079 - INFO - Page 1 scraped. Last post date = 1694419180199981
2023-09-12 04:05:29,429 - INFO - Saved: AZ-jMsZA
2023-09-12 04:05:29,444 - INFO - Saved: AZiDU6ca
2023-09-12 04:05:29,453 - INFO - Saved: AZ3XhJKY
2023-09-12 04:05:29,461 - INFO - Saved: AZpjb4Vu
2023-09-12 04:05:29,607 - INFO - Saved: AZXHXkEx
2023-09-12 04:05:29,627 - INFO - Saved: AZ-j8vqF
2023-09-12 04:05:29,817 - INFO - Saved: AZsLZkhL
2023-09-12 04:05:29,831 - INFO - Saved: AZrbwlkn
2023-09-12 04:05:29,839 - INFO - Saved: AZzPQBpl
2023-09-12 04:05:30,140 - INFO - Saved: AZ-js1rU
2023-09-12 04:05:30,225 - INFO - Saved: AZ3bgS-i
2023-09-12 04:05:30,552 - INFO - Saved: AZ-jcwib
2023-09-12 04:05:30,596 - INFO - Saved: AZ-jMwVh
2023-09-12 04:05:31,223 - INFO - Saved: AZ4TSHAM
2023-09-12 04:05:31,240 - INFO - Saved: AZvbTrw3
2023-09-12 04:05:31,336 - INFO - Saved: AZsTlvJq
2023-09-12 04:05:31,399 - INFO - Saved: AZ-7ZFki
2023-09-12 04:05:31,550 - INFO - Saved: AZcX-nfV
2023-09-12 04:05:31,600 - INFO - Saved: AZ-jcwx-
2023-09-12 04:05:32,584 - INFO - Saved: AZ-j8vZe
2023-09-12 04:05:33,834 - INFO - Saved: AZ-j8MQ5
2023-09-12 04:05:37,377 - INFO - Saved: AZ9j4S9m
2023-09-12 04:05:38,074 - INFO - Saved: AZk_0Q8R
2023-09-12 04:05:38,077 - INFO - Page 2 scraped. Last post date = 1694419138228152
2023-09-12 04:05:43,136 - INFO - Saved: AZ9HHHId
2023-09-12 04:05:43,184 - INFO - Saved: AZ8DSjXG
2023-09-12 04:05:43,200 - INFO - Saved: AZ8bRA0T
2023-09-12 04:05:43,226 - INFO - Saved: AZ8zB10J
2023-09-12 04:05:43,227 - INFO - Saved: AZ-j8l74
2023-09-12 04:05:43,270 - INFO - Saved: AZYDoGho
2023-09-12 04:05:43,283 - INFO - Saved: AZ-jcjk_
2023-09-12 04:05:43,355 - INFO - Saved: AZyHeMou
2023-09-12 04:05:43,409 - INFO - Saved: AZ-jcNbb
2023-09-12 04:05:43,429 - INFO - Saved: AZ-jcnK5
2023-09-12 04:05:44,144 - INFO - Saved: AZwv6znD
2023-09-12 04:05:45,177 - INFO - Saved: AZ8_yXuv
2023-09-12 04:05:45,216 - INFO - Saved: AZ-jsd0D
2023-09-12 04:05:45,256 - INFO - Saved: AZy3zqea
2023-09-12 04:05:45,661 - INFO - Saved: AZkjbSQl
2023-09-12 04:05:46,041 - INFO - Saved: AZ8HSeLb
2023-09-12 04:05:47,016 - INFO - Saved: AZ-fcmPM
2023-09-12 04:05:47,062 - INFO - Saved: AZhrdqVg
2023-09-12 04:05:48,134 - INFO - Saved: AZc3HAG2
2023-09-12 04:05:48,365 - INFO - Saved: AZ-jMqZE
2023-09-12 04:05:49,314 - INFO - Saved: AZ9bXdkP
2023-09-12 04:05:50,410 - INFO - Saved: AZtP_uhg
2023-09-12 04:05:50,637 - INFO - Saved: AZ-jMmtZ
2023-09-12 04:05:50,640 - INFO - Page 3 scraped. Last post date = 1694419109542252
2023-09-12 04:05:55,419 - INFO - Saved: AZunDceP
2023-09-12 04:05:55,494 - INFO - Saved: AZ8fLwws
2023-09-12 04:05:55,546 - INFO - Saved: AZ-jMi2P
2023-09-12 04:05:55,567 - INFO - Saved: AZ-j8Oiy
2023-09-12 04:05:55,712 - INFO - Saved: AZ-jsE0K
2023-09-12 04:05:55,729 - INFO - Saved: AZtnqhkK
2023-09-12 04:05:55,729 - INFO - Saved: AZ-jcckU
2023-09-12 04:05:55,742 - INFO - Saved: AZ-jcGJk
2023-09-12 04:05:55,775 - INFO - Saved: AZ-jsMZ3
2023-09-12 04:05:55,808 - INFO - Saved: AZrP5Ezo
2023-09-12 04:05:55,842 - INFO - Saved: AZ83jkjb
2023-09-12 04:05:55,866 - INFO - Saved: AZ-jchkO
2023-09-12 04:05:55,895 - INFO - Saved: AZ-jMch-
2023-09-12 04:05:56,076 - INFO - Saved: AZ-jsgXm
2023-09-12 04:05:57,092 - INFO - Saved: AZ-j8e_o
2023-09-12 04:05:57,525 - INFO - Saved: AZ8XERpf
2023-09-12 04:05:57,623 - INFO - Saved: AZ-jcedU
2023-09-12 04:05:57,759 - INFO - Saved: AZ9j3imo
2023-09-12 04:05:57,865 - INFO - Saved: AZ3PAcMO
2023-09-12 04:05:57,912 - INFO - Saved: AZ2X-0t4
2023-09-12 04:05:57,950 - INFO - Saved: AZ6___mV
2023-09-12 04:05:59,131 - INFO - Saved: AZ27v7K1
2023-09-12 04:06:01,830 - INFO - Saved: AZ9XOSTD
2023-09-12 04:06:06,694 - INFO - Saved: AZ-j8KO8
2023-09-12 04:06:06,697 - INFO - Page 4 scraped. Last post date = 1694419064092198
2023-09-12 05:49:34,238 - INFO - Saved: AZv_wIhK
2023-09-12 05:49:34,261 - INFO - Saved: AZ9XN7Zc
2023-09-12 05:49:34,337 - INFO - Saved: AZ97mGBi
2023-09-12 05:49:34,372 - INFO - Saved: AZzTE6gW
2023-09-12 05:49:34,381 - INFO - Saved: AZ0X2bV7
2023-09-12 05:49:34,440 - INFO - Saved: AZyv_iig
2023-09-12 05:49:34,467 - INFO - Saved: AZ8TAA0o
2023-09-12 05:49:34,568 - INFO - Saved: AZrHAaSf
2023-09-12 05:49:34,763 - INFO - Saved: AZ-jM4vR
2023-09-12 05:49:35,463 - INFO - Saved: AZhv7RhO
2023-09-12 05:49:35,786 - INFO - Saved: AZ8_lrgV
2023-09-12 05:49:36,091 - INFO - Saved: AZ0PDBtM
2023-09-12 05:49:36,127 - INFO - Saved: AZ-jc4f9
2023-09-12 05:49:36,247 - INFO - Saved: AZ8b2vTd
2023-09-12 05:49:36,411 - INFO - Saved: AZvHBIVF
2023-09-12 05:49:37,758 - INFO - Saved: AZ1r7BRG
2023-09-12 05:49:38,285 - INFO - Saved: AZ-jM65N
2023-09-12 05:49:39,155 - INFO - Saved: AZ979nXs
2023-09-12 05:49:40,146 - INFO - Saved: AZ-fsjzL
2023-09-12 05:49:40,245 - INFO - Saved: AZ9DXWpY
2023-09-12 05:49:42,920 - INFO - Saved: AZgToLGY
2023-09-12 05:49:42,925 - INFO - Page 1 scraped. Last post date = 1694419180199981
2023-09-12 05:49:48,774 - INFO - Saved: AZrbwlkn
2023-09-12 05:49:48,882 - INFO - Saved: AZ3XhJKY
2023-09-12 05:49:48,967 - INFO - Saved: AZ-jMwVh
2023-09-12 05:49:48,979 - INFO - Saved: AZiDU6ca
2023-09-12 05:49:49,104 - INFO - Saved: AZk_0Q8R
2023-09-12 05:49:49,255 - INFO - Saved: AZ-jMsZA
2023-09-12 05:49:49,315 - INFO - Saved: AZ3bgS-i
2023-09-12 05:49:49,832 - INFO - Saved: AZXHXkEx
2023-09-12 05:49:49,840 - INFO - Saved: AZ-j8vqF
2023-09-12 05:49:50,912 - INFO - Saved: AZsTlvJq
2023-09-12 05:49:50,921 - INFO - Saved: AZ-jcwx-
2023-09-12 05:49:50,924 - INFO - Saved: AZ4TSHAM
2023-09-12 05:49:51,015 - INFO - Saved: AZ9j4S9m
2023-09-12 05:49:51,017 - INFO - Saved: AZ-j8MQ5
2023-09-12 05:49:51,129 - INFO - Saved: AZcX-nfV
2023-09-12 05:49:52,222 - INFO - Saved: AZ-j8vZe
2023-09-12 05:49:52,402 - INFO - Saved: AZsLZkhL
2023-09-12 05:49:52,618 - INFO - Saved: AZ-js1rU
2023-09-12 05:49:53,957 - INFO - Saved: AZzPQBpl
2023-09-12 05:49:54,039 - INFO - Saved: AZ-7ZFki
2023-09-12 05:49:54,188 - INFO - Saved: AZpjb4Vu
2023-09-12 05:49:55,380 - INFO - Saved: AZ-jcwib
2023-09-12 05:49:55,382 - INFO - Page 2 scraped. Last post date = 1694419138228152
2023-09-12 05:50:01,008 - INFO - Saved: AZ8zB10J
2023-09-12 05:50:01,140 - INFO - Saved: AZtP_uhg
2023-09-12 05:50:01,169 - INFO - Saved: AZ-jcNbb
2023-09-12 05:50:01,213 - INFO - Saved: AZkjbSQl
2023-09-12 05:50:01,309 - INFO - Saved: AZyHeMou
2023-09-12 05:50:01,370 - INFO - Saved: AZ-jcjk_
2023-09-12 05:50:01,438 - INFO - Saved: AZwv6znD
2023-09-12 05:50:01,440 - INFO - Saved: AZYDoGho
2023-09-12 05:50:01,612 - INFO - Saved: AZ8bRA0T
2023-09-12 05:50:01,662 - INFO - Saved: AZ8HSeLb
2023-09-12 05:50:02,186 - INFO - Saved: AZ-j8l74
2023-09-12 05:50:02,206 - INFO - Saved: AZ8DSjXG
2023-09-12 05:50:02,573 - INFO - Saved: AZ-jcnK5
2023-09-12 05:50:03,102 - INFO - Saved: AZ-jMmtZ
2023-09-12 05:50:03,196 - INFO - Saved: AZ8_yXuv
2023-09-12 05:50:03,296 - INFO - Saved: AZ-fcmPM
2023-09-12 05:50:03,307 - INFO - Saved: AZhrdqVg
2023-09-12 05:50:03,323 - INFO - Saved: AZc3HAG2
2023-09-12 05:50:03,395 - INFO - Saved: AZ9HHHId
2023-09-12 05:50:03,436 - INFO - Saved: AZ-jsd0D
2023-09-12 05:50:03,457 - INFO - Saved: AZy3zqea
2023-09-12 05:50:04,654 - INFO - Saved: AZ-jMqZE
2023-09-12 05:50:08,587 - INFO - Saved: AZ9bXdkP
2023-09-12 05:50:08,589 - INFO - Page 3 scraped. Last post date = 1694419109542252
2023-09-12 05:50:14,206 - INFO - Saved: AZ8fLwws
2023-09-12 05:50:14,291 - INFO - Saved: AZ-jcGJk
2023-09-12 05:50:14,341 - INFO - Saved: AZ-jcckU
2023-09-12 05:50:14,399 - INFO - Saved: AZ-jMi2P
2023-09-12 05:50:14,475 - INFO - Saved: AZ83jkjb
2023-09-12 05:50:14,535 - INFO - Saved: AZ-j8e_o
2023-09-12 05:50:14,557 - INFO - Saved: AZ-jsMZ3
2023-09-12 05:50:14,601 - INFO - Saved: AZ27v7K1
2023-09-12 05:50:14,699 - INFO - Saved: AZunDceP
2023-09-12 05:50:14,778 - INFO - Saved: AZ-j8KO8
2023-09-12 05:50:14,918 - INFO - Saved: AZ-jsE0K
2023-09-12 05:50:15,517 - INFO - Saved: AZ-jMch-
2023-09-12 05:50:15,876 - INFO - Saved: AZ-j8Oiy
2023-09-12 05:50:16,249 - INFO - Saved: AZtnqhkK
2023-09-12 05:50:16,285 - INFO - Saved: AZ-jcedU
2023-09-12 05:50:16,426 - INFO - Saved: AZ9XOSTD
2023-09-12 05:50:16,445 - INFO - Saved: AZ3PAcMO
2023-09-12 05:50:16,696 - INFO - Saved: AZ2X-0t4
2023-09-12 05:50:17,677 - INFO - Saved: AZ8XERpf
2023-09-12 05:50:18,750 - INFO - Saved: AZrP5Ezo
2023-09-12 05:50:20,279 - INFO - Saved: AZ9j3imo
2023-09-12 05:50:21,044 - INFO - Saved: AZ6___mV
2023-09-12 05:50:21,050 - INFO - Page 4 scraped. Last post date = 1694419064092198
2023-09-12 05:50:26,814 - INFO - Saved: AZ-jsXNb
2023-09-12 05:50:26,879 - INFO - Saved: AZ-jMVru
2023-09-12 05:50:26,898 - INFO - Saved: AZgvK-VW
2023-09-12 05:50:26,917 - INFO - Saved: AZ6fzdTZ
2023-09-12 05:50:26,957 - INFO - Saved: AZ-fMcZO
2023-09-12 05:50:26,959 - INFO - Saved: AZ-j8SPu
2023-09-12 05:50:27,080 - INFO - Saved: AZ2DvMT5
2023-09-12 05:50:27,091 - INFO - Saved: AZ0_aPhk
2023-09-12 05:50:27,180 - INFO - Saved: AZ-jMTCv
2023-09-12 05:50:27,191 - INFO - Saved: AZ-jMTFy
2023-09-12 05:50:28,112 - INFO - Saved: AZ-f82-v
2023-09-12 05:50:29,126 - INFO - Saved: AZ-jMRRc
2023-09-12 05:50:29,170 - INFO - Saved: AZczZXiB
2023-09-12 05:50:29,323 - INFO - Saved: AZqfvIU9
2023-09-12 05:50:29,547 - INFO - Saved: AZ9fHSr-
2023-09-12 05:50:29,573 - INFO - Saved: AZ0rGhVv
2023-09-12 05:50:30,304 - INFO - Saved: AZ9P9POC
2023-09-12 05:50:30,630 - INFO - Saved: AZ-jcSgA
2023-09-12 05:50:32,592 - INFO - Saved: AZ-f8dI8
2023-09-12 05:50:33,381 - INFO - Saved: AZsPYJsG
2023-09-12 05:50:35,835 - INFO - Saved: AZ9nWzDA
2023-09-12 05:50:38,120 - INFO - Saved: AZ-jsSVL
2023-09-12 05:50:38,125 - INFO - Saved: AZzPzPGA
2023-09-12 05:50:38,149 - INFO - Saved: AZ-f8wB0
2023-09-12 05:50:38,154 - INFO - Page 5 scraped. Last post date = 1694419031060630
2023-09-12 05:50:43,821 - INFO - Saved: AZ4rDKfa
2023-09-12 05:50:43,920 - INFO - Saved: AZrjkNxY
2023-09-12 05:50:43,936 - INFO - Saved: AZ-fM-Ro
2023-09-12 05:50:43,939 - INFO - Saved: AZ-fs9aq
2023-09-12 05:50:43,975 - INFO - Saved: AZ-jMIEY
2023-09-12 05:50:44,194 - INFO - Saved: AZgbbgb4
2023-09-12 05:50:44,215 - INFO - Saved: AZ436s8N
2023-09-12 05:50:44,234 - INFO - Saved: AZ939l2L
2023-09-12 05:50:44,387 - INFO - Saved: AZ8bWFIx
2023-09-12 05:50:44,404 - INFO - Saved: AZ-jMLL3
2023-09-12 05:50:44,962 - INFO - Saved: AZp36TwZ
2023-09-12 05:50:45,159 - INFO - Saved: AZtLrm-j
2023-09-12 05:50:45,380 - INFO - Saved: AZ2PPqf-
2023-09-12 05:50:45,823 - INFO - Saved: AZ-jMNzP
2023-09-12 05:50:45,824 - INFO - Saved: AZ-fsg89
2023-09-12 05:50:46,053 - INFO - Saved: AZ-fc8Gw
2023-09-12 05:50:46,095 - INFO - Saved: AZ0fkhNM
2023-09-12 05:50:46,096 - INFO - Saved: AZ53I28x
2023-09-12 05:50:46,904 - INFO - Saved: AZqbOfvb
2023-09-12 05:50:46,976 - INFO - Saved: AZujvpEd
2023-09-12 05:50:47,038 - INFO - Saved: AZvTR-dt
2023-09-12 05:50:53,594 - INFO - Saved: AZwnFsxE
2023-09-12 05:50:53,598 - INFO - Page 6 scraped. Last post date = 1694418995999438
2023-09-12 05:50:59,739 - INFO - Saved: AZ-jsD01
2023-09-12 05:50:59,864 - INFO - Saved: AZ-f8_By
2023-09-12 05:50:59,918 - INFO - Saved: AZ-jME6B
2023-09-12 05:50:59,926 - INFO - Saved: AZyDO_FX
2023-09-12 05:51:00,089 - INFO - Saved: AZ-f8_8f
2023-09-12 05:51:00,299 - INFO - Saved: AZkPLMa7
2023-09-12 05:51:01,230 - INFO - Saved: AZpvMlK8
2023-09-12 05:51:01,558 - INFO - Saved: AZ-f8mnJ
2023-09-12 05:51:01,570 - INFO - Saved: AZ-fc-yw
2023-09-12 05:51:01,953 - INFO - Saved: AZ-jcFw4
2023-09-12 05:51:02,601 - INFO - Saved: AZ93MVG0
2023-09-12 05:51:02,776 - INFO - Saved: AZ-fM_c_
2023-09-12 05:51:04,839 - INFO - Saved: AZ-j8DdE
2023-09-12 05:51:04,880 - INFO - Saved: AZbv15ao
2023-09-12 05:51:06,125 - INFO - Saved: AZ1nuOSV
2023-09-12 05:51:06,279 - INFO - Saved: AZ-f85kC
2023-09-12 05:51:06,839 - INFO - Saved: AZnLwfj9
2023-09-12 05:51:06,944 - INFO - Saved: AZtHbHnu
2023-09-12 05:51:07,898 - INFO - Saved: AZ-fc8N6
2023-09-12 05:51:08,352 - INFO - Saved: AZ-jcEuG
2023-09-12 05:51:08,502 - INFO - Saved: AZ8PFoT0
2023-09-12 05:51:08,937 - INFO - Saved: AZ-fcuEx
2023-09-12 05:51:11,174 - INFO - Saved: AZ-fM7KX
2023-09-12 05:51:11,179 - INFO - Page 7 scraped. Last post date = 1694418947160663
2023-09-12 05:51:17,003 - INFO - Saved: AZ-TcX0Y
2023-09-12 05:51:17,124 - INFO - Saved: AZ-fc5l_
2023-09-12 05:51:17,131 - INFO - Saved: AZeTSaSI
2023-09-12 05:51:18,343 - INFO - Saved: AZgr2uHK
2023-09-12 05:51:19,118 - INFO - Saved: AZpLsvIZ
2023-09-12 05:51:19,497 - INFO - Saved: AZkbGEj3
2023-09-12 05:51:20,375 - INFO - Saved: AZ3L_ykb
2023-09-12 05:51:20,397 - INFO - Saved: AZ-fM3pk
2023-09-12 05:51:21,269 - INFO - Saved: AZwjzkTw
2023-09-12 05:51:21,379 - INFO - Saved: AZ0_lhAb
2023-09-12 05:51:21,756 - INFO - Saved: AZ-fM4Fg
2023-09-12 05:51:21,903 - INFO - Saved: AZsPmswf
2023-09-12 05:51:22,413 - INFO - Saved: AZ2HuRLY
2023-09-12 05:51:23,123 - INFO - Saved: AZtbrEln
2023-09-12 05:51:24,013 - INFO - Saved: AZ4LFFtO
2023-09-12 05:51:24,693 - INFO - Saved: AZ1rocLi
2023-09-12 05:51:25,496 - INFO - Saved: AZ-fs09D
2023-09-12 05:51:25,522 - INFO - Saved: AZTfT1SM
2023-09-12 05:51:26,100 - INFO - Saved: AZYHOvI1
2023-09-12 05:51:26,927 - INFO - Saved: AZ2H9UKQ
2023-09-12 05:51:29,902 - INFO - Saved: AZ-fcw7E
2023-09-12 05:51:30,345 - INFO - Saved: AZl_aqYa
2023-09-12 05:51:31,856 - INFO - Saved: AZbfk1yP
2023-09-12 05:51:31,858 - INFO - Page 8 scraped. Last post date = 1694418908441050
2023-09-12 05:51:37,562 - INFO - Saved: AZ-f8tFe
2023-09-12 05:51:37,635 - INFO - Saved: AZ-fMrph
2023-09-12 05:51:37,874 - INFO - Saved: AZ5T6rs1
2023-09-12 05:51:37,906 - INFO - Saved: AZ7TCJpY
2023-09-12 05:51:37,910 - INFO - Saved: AZ1fbzO6
2023-09-12 05:51:38,019 - INFO - Saved: AZ-fMtUB
2023-09-12 05:51:38,097 - INFO - Saved: AZ53qeZk
2023-09-12 05:51:38,691 - INFO - Saved: AZ-fsrcU
2023-09-12 05:51:38,698 - INFO - Saved: AZkvWrTN
2023-09-12 05:51:38,947 - INFO - Saved: AZ-fsqiS
2023-09-12 05:51:39,801 - INFO - Saved: AZ8jaMA8
2023-09-12 05:51:39,823 - INFO - Saved: AZ-f8sLy
2023-09-12 05:51:39,942 - INFO - Saved: AZ9bXpY4
2023-09-12 05:51:39,973 - INFO - Saved: AZrrBMYl
2023-09-12 05:51:40,179 - INFO - Saved: AZ_q4Fp3
2023-09-12 05:51:41,499 - INFO - Saved: AZb7VLh4
2023-09-12 05:51:41,668 - INFO - Saved: AZm7CRKM
2023-09-12 05:51:41,821 - INFO - Saved: AZbvhIsq
2023-09-12 05:51:43,001 - INFO - Saved: AZ-TMG9N
2023-09-12 05:51:43,168 - INFO - Saved: AZ8nRGdZ
2023-09-12 05:51:43,949 - INFO - Saved: AZv7h7lD
2023-09-12 05:51:46,450 - INFO - Saved: AZ9X8e-8
2023-09-12 05:51:48,772 - INFO - Saved: AZ-f8qbx
2023-09-12 05:51:49,723 - INFO - Saved: AZ-fco0z
2023-09-12 05:51:49,728 - INFO - Page 9 scraped. Last post date = 1694418879544152
2023-09-12 05:51:55,532 - INFO - Saved: AZ8HRHYb
2023-09-12 05:51:55,534 - INFO - Saved: AZ-fMe5i
2023-09-12 05:51:55,625 - INFO - Saved: AZaTyzhi
2023-09-12 05:51:55,691 - INFO - Saved: AZ97nMCC
2023-09-12 05:51:55,798 - INFO - Saved: AZk767CG
2023-09-12 05:51:55,871 - INFO - Saved: AZ-fcnKp
2023-09-12 05:51:55,906 - INFO - Saved: AZ9j8Kg5
2023-09-12 05:51:55,939 - INFO - Saved: AZ9X5NAM
2023-09-12 05:51:56,041 - INFO - Saved: AZ-fcoHM
2023-09-12 05:51:56,581 - INFO - Saved: AZ1r55rg
2023-09-12 05:51:57,456 - INFO - Saved: AZpLs8q_
2023-09-12 05:51:57,472 - INFO - Saved: AZ-fMT1G
2023-09-12 05:51:57,560 - INFO - Saved: AZtvK8Xc
2023-09-12 05:51:57,576 - INFO - Saved: AZzDAqqE
2023-09-12 05:51:59,009 - INFO - Saved: AZ-fMbkT
2023-09-12 05:51:59,154 - INFO - Saved: AZ-f8fWL
2023-09-12 05:52:00,155 - INFO - Saved: AZt35QMF
2023-09-12 05:52:00,635 - INFO - Saved: AZ-fcnrl
2023-09-12 05:52:00,855 - INFO - Saved: AZwnUzkE
2023-09-12 05:52:01,105 - INFO - Saved: AZ-fsdWh
2023-09-12 05:52:01,950 - INFO - Saved: AZ2vvBkO
2023-09-12 05:52:07,217 - INFO - Saved: AZ-f8isj
2023-09-12 05:52:07,223 - INFO - Page 10 scraped. Last post date = 1694418840189690
2023-09-12 18:43:20 - INFO - Saved: AZ_TDdQ6
2023-09-12 18:43:20 - INFO - Saved: QZA8300p
2023-09-12 18:43:20 - INFO - Saved: QZA8Xzj7
2023-09-12 18:43:20 - INFO - Saved: AZ9KUE7a
2023-09-12 18:43:20 - INFO - Saved: AZ9_qHY5
2023-09-12 18:43:20 - INFO - Saved: QZA8XxEW
2023-09-12 18:43:20 - INFO - Saved: AZqLj15t
2023-09-12 18:43:21 - INFO - Saved: QZA8nw57
2023-09-12 18:43:21 - INFO - Saved: QZA8Xs84
2023-09-12 18:43:21 - INFO - Saved: QZA8nu0y
2023-09-12 18:43:21 - INFO - Saved: QZA8ntgG
2023-09-12 18:43:21 - INFO - Saved: QZA8nKJP
2023-09-12 18:43:21 - INFO - Saved: QZA8n4Wa
2023-09-12 18:43:21 - INFO - Saved: AZxXaTOj
2023-09-12 18:43:21 - INFO - Saved: AZc7eH1R
2023-09-12 18:43:21 - INFO - Saved: QZA8X52W
2023-09-12 18:43:21 - INFO - Saved: AZrL3ZFG
2023-09-12 18:43:21 - INFO - Saved: QZAY3LT6
2023-09-12 18:43:21 - INFO - Saved: QZA8n3Ju
2023-09-12 18:43:21 - INFO - Saved: QZA83iNJ
2023-09-12 18:43:22 - INFO - Saved: QZA8nnyr
2023-09-12 18:43:22 - INFO - Saved: QZAA4AEA
2023-09-12 18:43:22 - INFO - Saved: QZA8HqkC
2023-09-12 18:43:22 - INFO - Saved: QZA831kz
2023-09-12 18:43:22 - INFO - Page 1 scraped. Last post date is 1694531493759700.
2023-09-12 18:43:22 - INFO - Saved: AZ87z1bd
2023-09-12 18:43:23 - INFO - Saved: AZ_TAJxl
2023-09-12 18:43:23 - INFO - Saved: AZ9zWBhU
2023-09-12 18:43:23 - INFO - Saved: AZbH1yrG
2023-09-12 18:43:23 - INFO - Saved: QZA4H6Hm
2023-09-12 18:43:23 - INFO - Saved: AZ0jMcUD
2023-09-12 18:43:23 - INFO - Saved: QZA8HjzO
2023-09-12 18:43:23 - INFO - Saved: QZA83fqw
2023-09-12 18:43:23 - INFO - Saved: AZ_XR--O
2023-09-12 18:43:23 - INFO - Saved: QZA8XYT_
2023-09-12 18:43:23 - INFO - Saved: AZljqoZj
2023-09-12 18:43:23 - INFO - Saved: QZA8HXqs
2023-09-12 18:43:23 - INFO - Saved: AZ3rkWDj
2023-09-12 18:43:23 - INFO - Saved: AZpbK_4h
2023-09-12 18:43:23 - INFO - Saved: QZA43-0a
2023-09-12 18:43:23 - INFO - Saved: QZA83Phh
2023-09-12 18:43:23 - INFO - Saved: AZlr7Nhf
2023-09-12 18:43:23 - INFO - Saved: AZ0vZ-Q2
2023-09-12 18:43:23 - INFO - Saved: QZA8nRMz
2023-09-12 18:43:23 - INFO - Saved: AZZ_9hL6
2023-09-12 18:43:23 - INFO - Saved: QZA8nIAR
2023-09-12 18:43:23 - INFO - Saved: QZA8XScA
2023-09-12 18:43:23 - INFO - Saved: QZA8XWMe
2023-09-12 18:43:23 - INFO - Saved: QZA8nVp0
2023-09-12 18:43:23 - INFO - Page 2 scraped. Last post date is 1694531393079651.
2023-09-12 18:43:25 - INFO - Saved: QZA0H-QD
2023-09-12 18:43:25 - INFO - Saved: AZ9D6Ou1
2023-09-12 18:43:25 - INFO - Saved: QZA8nGYD
2023-09-12 18:43:25 - INFO - Saved: AZmLzSU6
2023-09-12 18:43:25 - INFO - Saved: QZA8XFfX
2023-09-12 18:43:25 - INFO - Saved: AZ-_72PK
2023-09-12 18:43:25 - INFO - Saved: QZA4XSrv
2023-09-12 18:43:25 - INFO - Saved: QZA4HoBt
2023-09-12 18:43:25 - INFO - Saved: AZdrAnLu
2023-09-12 18:43:25 - INFO - Saved: AZ03IZxV
2023-09-12 18:43:25 - INFO - Saved: QZAEB95k
2023-09-12 18:43:25 - INFO - Saved: QZA0naFJ
2023-09-12 18:43:25 - INFO - Saved: AZf_kv0z
2023-09-12 18:43:25 - INFO - Saved: AZ_fz6Mc
2023-09-12 18:43:25 - INFO - Saved: AZ7D2zcU
2023-09-12 18:43:25 - INFO - Saved: QZA4XOI9
2023-09-12 18:43:25 - INFO - Saved: AZ-bL4n6
2023-09-12 18:43:25 - INFO - Saved: AZ-7ADq_
2023-09-12 18:43:25 - INFO - Saved: AZ-XOb6h
2023-09-12 18:43:25 - INFO - Saved: AZ8v45Cr
2023-09-12 18:43:25 - INFO - Saved: QZA4ngHa
2023-09-12 18:43:25 - INFO - Saved: QZA83CvZ
2023-09-12 18:43:26 - INFO - Saved: AZ_HRQRc
2023-09-12 18:43:26 - INFO - Saved: QZA4zuJd
2023-09-12 18:43:26 - INFO - Page 3 scraped. Last post date is 1694531275599195.
2023-09-12 18:43:26 - INFO - Saved: AZ-DxVo6
2023-09-12 18:43:26 - INFO - Saved: QZA4XrXE
2023-09-12 18:43:26 - INFO - Saved: QZA4XuDZ
2023-09-12 18:43:26 - INFO - Saved: AZ1LP0gW
2023-09-12 18:43:27 - INFO - Saved: QZA0XVDK
2023-09-12 18:43:27 - INFO - Saved: AZgzLi6O
2023-09-12 18:43:27 - INFO - Saved: QZA4nlui
2023-09-12 18:43:27 - INFO - Saved: QZA0Xzz9
2023-09-12 18:43:27 - INFO - Saved: QZA4ngJT
2023-09-12 18:43:27 - INFO - Saved: AZYTPmHe
2023-09-12 18:43:27 - INFO - Saved: QZA0H2mb
2023-09-12 18:43:27 - INFO - Saved: AZ9nW9HM
2023-09-12 18:43:27 - INFO - Saved: AZ0Dz2w3
2023-09-12 18:43:27 - INFO - Saved: QZA43LzM
2023-09-12 18:43:27 - INFO - Saved: AZsHLUjF
2023-09-12 18:43:27 - INFO - Saved: QZA4HVNr
2023-09-12 18:43:27 - INFO - Saved: QZA4XV3J
2023-09-12 18:43:27 - INFO - Saved: QZA4nWBc
2023-09-12 18:43:27 - INFO - Saved: QZAETpH5
2023-09-12 18:43:27 - INFO - Saved: QZA4XW9x
2023-09-12 18:43:27 - INFO - Saved: QZA4XSLv
2023-09-12 18:43:27 - INFO - Saved: QZAw3NVT
2023-09-12 18:43:27 - INFO - Saved: QZA03sNg
2023-09-12 18:43:27 - INFO - Saved: QZA43SKT
2023-09-12 18:43:27 - INFO - Page 4 scraped. Last post date is 1694531151092823.
