ERROR:root:Unexpected error: AZzO7stI.json
ERROR:root:Unexpected error: QZ-w6d6Z.json
ERROR:root:Unexpected error: QZ011ypP.json
ERROR:root:Unexpected error: QZ01C0vZ.json
ERROR:root:Unexpected error: QZ01DQ55.json
ERROR:root:Unexpected error: QZ01Tl0k.json
ERROR:root:Unexpected error: QZ05gqPp.json
ERROR:root:Unexpected error: QZ05HUzq.json
ERROR:root:Unexpected error: QZ05jUIi.json
ERROR:root:Unexpected error: QZ05qvG7.json
ERROR:root:Unexpected error: QZ05R1eC.json
ERROR:root:Unexpected error: QZ05VHkW.json
ERROR:root:Unexpected error: QZ09bPI4.json
ERROR:root:Unexpected error: QZ09Crys.json
ERROR:root:Unexpected error: QZ09GMfe.json
ERROR:root:Unexpected error: QZ09HSe_.json
ERROR:root:Unexpected error: QZ09KhCT.json
ERROR:root:Unexpected error: QZ09TXcB.json
ERROR:root:Unexpected error: QZ09XSTC.json
ERROR:root:Unexpected error: QZ0B6vFL.json
ERROR:root:Unexpected error: QZ0BhuYo.json
ERROR:root:Unexpected error: QZ0BU-bQ.json
ERROR:root:Unexpected error: QZ0BWbp9.json
ERROR:root:Unexpected error: QZ0By8hD.json
ERROR:root:Unexpected error: QZ0BzJLY.json
ERROR:root:Unexpected error: QZ0d1bvB.json
ERROR:root:Unexpected error: QZ0d4cJw.json
ERROR:root:Unexpected error: QZ0d4Y5x.json
ERROR:root:Unexpected error: QZ0dBKqk.json
ERROR:root:Unexpected error: QZ0dI052.json
ERROR:root:Unexpected error: QZ0dT4yc.json
ERROR:root:Unexpected error: QZ0dUccq.json
ERROR:root:Unexpected error: QZ0dziXM.json
ERROR:root:Unexpected error: QZ0dzJvw.json
ERROR:root:Unexpected error: QZ0F0B8c.json
ERROR:root:Unexpected error: QZ0F2q4Y.json
ERROR:root:Unexpected error: QZ0F3LR4.json
ERROR:root:Unexpected error: QZ0FjFpv.json
ERROR:root:Unexpected error: QZ0FlnxW.json
ERROR:root:Unexpected error: QZ0Fn5Bd.json
ERROR:root:Unexpected error: QZ0FWrXm.json
ERROR:root:Unexpected error: QZ0h2ldO.json
ERROR:root:Unexpected error: QZ0h5vDQ.json
ERROR:root:Unexpected error: QZ0hAT2u.json
ERROR:root:Unexpected error: QZ0hHlBC.json
ERROR:root:Unexpected error: QZ0hnGLd.json
ERROR:root:Unexpected error: QZ0ho2CA.json
ERROR:root:Unexpected error: QZ0hUtM4.json
ERROR:root:Unexpected error: QZ0hXFlE.json
ERROR:root:Unexpected error: QZ0hyMzG.json
ERROR:root:Unexpected error: QZ0JE7K-.json
ERROR:root:Unexpected error: QZ0l3qOb.json
ERROR:root:Unexpected error: QZ0lVoxV.json
ERROR:root:Unexpected error: QZ0lxtpu.json
ERROR:root:Unexpected error: QZ0lYavR.json
ERROR:root:Unexpected error: QZ0lz029.json
ERROR:root:Unexpected error: QZ0NYzSR.json
ERROR:root:Unexpected error: QZ0pTnh5.json
ERROR:root:Unexpected error: QZ0pySeH.json
ERROR:root:Unexpected error: QZ0Rhia3.json
ERROR:root:Unexpected error: QZ0RimIQ.json
ERROR:root:Unexpected error: QZ0RKc8R.json
ERROR:root:Unexpected error: QZ0Roddh.json
ERROR:root:Unexpected error: QZ0RyNCC.json
ERROR:root:Unexpected error: QZ0t6DrO.json
ERROR:root:Unexpected error: QZ0tCrym.json
ERROR:root:Unexpected error: QZ0tjnmx.json
ERROR:root:Unexpected error: QZ0tmKcj.json
ERROR:root:Unexpected error: QZ0V5U1z.json
ERROR:root:Unexpected error: QZ0V9DtS.json
ERROR:root:Unexpected error: QZ0VjkJc.json
ERROR:root:Unexpected error: QZ0VTOxT.json
ERROR:root:Unexpected error: QZ0VX6jm.json
ERROR:root:Unexpected error: QZ0xRX2f.json
ERROR:root:Unexpected error: QZ0xu_x9.json
ERROR:root:Unexpected error: QZ0Z0xAi.json
ERROR:root:Unexpected error: QZ0Z1RU7.json
ERROR:root:Unexpected error: QZ0ZJ6XL.json
ERROR:root:Unexpected error: QZ0ZkVIP.json
ERROR:root:Unexpected error: QZ0Zy5oW.json
ERROR:root:Unexpected error: QZ113cBv.json
ERROR:root:Unexpected error: QZ115qjS.json
ERROR:root:Unexpected error: QZ11D8KO.json
ERROR:root:Unexpected error: QZ11Ei6z.json
ERROR:root:Unexpected error: QZ11FNu1.json
ERROR:root:Unexpected error: QZ11n6ep.json
ERROR:root:Unexpected error: QZ15GLa1.json
ERROR:root:Unexpected error: QZ1B2ZDd.json
ERROR:root:Unexpected error: QZ1BblZ7.json
ERROR:root:Unexpected error: QZ1BX3b6.json
ERROR:root:Unexpected error: QZ1d3RtX.json
ERROR:root:Unexpected error: QZ1doxtk.json
ERROR:root:Unexpected error: QZ1dVwF2.json
ERROR:root:Unexpected error: QZ1FEFBW.json
ERROR:root:Unexpected error: QZ1Fnugl.json
ERROR:root:Unexpected error: QZ1FXhVV.json
ERROR:root:Unexpected error: QZ1FY5KD.json
ERROR:root:Unexpected error: QZ1J2mT3.json
ERROR:root:Unexpected error: QZ1J5PI8.json
ERROR:root:Unexpected error: QZ1JrubW.json
ERROR:root:Unexpected error: QZ1lLPX6.json
ERROR:root:Unexpected error: QZ1N5FYo.json
ERROR:root:Unexpected error: QZ1NGNSj.json
ERROR:root:Unexpected error: QZ1NHRdV.json
ERROR:root:Unexpected error: QZ1NHxTH.json
ERROR:root:Unexpected error: QZ1NolOV.json
ERROR:root:Unexpected error: QZ1NVg1N.json
ERROR:root:Unexpected error: QZ1p46vQ.json
ERROR:root:Unexpected error: QZ1p6R_z.json
ERROR:root:Unexpected error: QZ1pGEIP.json
ERROR:root:Unexpected error: QZ1pHEWo.json
ERROR:root:Unexpected error: QZ1pYyeD.json
ERROR:root:Unexpected error: QZ1Roo0n.json
ERROR:root:Unexpected error: QZ1ta8t9.json
ERROR:root:Unexpected error: QZ1tmImc.json
ERROR:root:Unexpected error: QZ1toIRh.json
ERROR:root:Unexpected error: QZ1V1ojj.json
ERROR:root:Unexpected error: QZ1V1ZZk.json
ERROR:root:Unexpected error: QZ1VFoC7.json
ERROR:root:Unexpected error: QZ1x6SxY.json
ERROR:root:Unexpected error: QZ1xq71K.json
ERROR:root:Unexpected error: QZ1xWAfG.json
ERROR:root:Unexpected error: QZ1Z3seb.json
ERROR:root:Unexpected error: QZ6QTfux.json
ERROR:root:Unexpected error: QZaNgSyI.json
ERROR:root:Unexpected error: QZb1WMr9.json
ERROR:root:Unexpected error: QZbFg0HR.json
ERROR:root:Unexpected error: QZcB7ZMj.json
ERROR:root:Unexpected error: QZcBss6R.json
ERROR:root:Unexpected error: QZCph1La.json
ERROR:root:Unexpected error: QZcR2Q9W.json
ERROR:root:Unexpected error: QZctWxVL.json
ERROR:root:Unexpected error: QZcxWN7O.json
ERROR:root:Unexpected error: QZdh6_Z6.json
ERROR:root:Unexpected error: QZdJLBoZ.json
ERROR:root:Unexpected error: QZdxPA06.json
ERROR:root:Unexpected error: QZg0fCmx.json
ERROR:root:Unexpected error: QZGNS1M7.json
ERROR:root:Unexpected error: QZh9Jc28.json
ERROR:root:Unexpected error: QZhpcBND.json
ERROR:root:Unexpected error: QZHRsnvS.json
ERROR:root:Unexpected error: QZhx5C5F.json
ERROR:root:Unexpected error: QZhxMe2u.json
ERROR:root:Unexpected error: QZhxNYKQ.json
ERROR:root:Unexpected error: QZHZoipB.json
ERROR:root:Unexpected error: QZiNiuyI.json
ERROR:root:Unexpected error: QZIomhos.json
ERROR:root:Unexpected error: QZj9BOfl.json
ERROR:root:Unexpected error: QZjFQEd8.json
ERROR:root:Unexpected error: QZjFSq6Q.json
ERROR:root:Unexpected error: QZk1YaSO.json
ERROR:root:Unexpected error: QZk5lj4x.json
ERROR:root:Unexpected error: QZk9qAoN.json
ERROR:root:Unexpected error: QZkhlVXy.json
ERROR:root:Unexpected error: QZkJOTRm.json
ERROR:root:Unexpected error: QZktL15X.json
ERROR:root:Unexpected error: QZkZ1Tva.json
ERROR:root:Unexpected error: QZl59BM5.json
ERROR:root:Unexpected error: QZlAB8CD.json
ERROR:root:Unexpected error: QZlBZuHh.json
ERROR:root:Unexpected error: QZlNO-QL.json
ERROR:root:Unexpected error: QZlVrpI0.json
ERROR:root:Unexpected error: QZlx6FC-.json
ERROR:root:Unexpected error: QZLxqLWk.json
ERROR:root:Unexpected error: QZn9x6tD.json
ERROR:root:Unexpected error: QZnhCS8z.json
ERROR:root:Unexpected error: QZnJjK6N.json
ERROR:root:Unexpected error: QZnxCW7f.json
ERROR:root:Unexpected error: QZo15zdY.json
ERROR:root:Unexpected error: QZoBkO4T.json
ERROR:root:Unexpected error: QZolWKP5.json
ERROR:root:Unexpected error: QZopoG-B.json
ERROR:root:Unexpected error: QZP15WQk.json
ERROR:root:Unexpected error: QZP91ORs.json
ERROR:root:Unexpected error: QZPF20VY.json
ERROR:root:Unexpected error: QZPhCbA-.json
ERROR:root:Unexpected error: QZPpTHdQ.json
ERROR:root:Unexpected error: QZpx4RYC.json
ERROR:root:Unexpected error: QZQFvgQh.json
ERROR:root:Unexpected error: QZqlMO0G.json
ERROR:root:Unexpected error: QZqpf9dl.json
ERROR:root:Unexpected error: QZQprMiT.json
ERROR:root:Unexpected error: QZqR-AID.json
ERROR:root:Unexpected error: QZQx3DTY.json
ERROR:root:Unexpected error: QZR8kPXW.json
ERROR:root:Unexpected error: QZrRCzCO.json
ERROR:root:Unexpected error: QZs5z0yY.json
ERROR:root:Unexpected error: QZsBzZGh.json
ERROR:root:Unexpected error: QZsdAbWJ.json
ERROR:root:Unexpected error: QZsFyQzD.json
ERROR:root:Unexpected error: QZShBKbz.json
ERROR:root:Unexpected error: QZsJkPYo.json
ERROR:root:Unexpected error: QZspkqvF.json
ERROR:root:Unexpected error: QZStRXON.json
ERROR:root:Unexpected error: QZSx0oD5.json
ERROR:root:Unexpected error: QZsZnnw1.json
ERROR:root:Unexpected error: QZt19XsL.json
ERROR:root:Unexpected error: QZtddts8.json
ERROR:root:Unexpected error: QZtJcBeZ.json
ERROR:root:Unexpected error: QZTJDYrO.json
ERROR:root:Unexpected error: QZtlIY02.json
ERROR:root:Unexpected error: QZTx0laj.json
ERROR:root:Unexpected error: QZtxIoQ3.json
ERROR:root:Unexpected error: QZuFMhve.json
ERROR:root:Unexpected error: QZUhO1jH.json
ERROR:root:Unexpected error: QZulvmeG.json
ERROR:root:Unexpected error: QZUp8OXH.json
ERROR:root:Unexpected error: QZuR-4Ce.json
ERROR:root:Unexpected error: QZuZN2y5.json
ERROR:root:Unexpected error: QZuZt5uq.json
ERROR:root:Unexpected error: QZuZuzmc.json
ERROR:root:Unexpected error: QZv1yE_x.json
ERROR:root:Unexpected error: QZv9SQMo.json
ERROR:root:Unexpected error: QZvlAXZp.json
ERROR:root:Unexpected error: QZVpxIwz.json
ERROR:root:Unexpected error: QZvVVC-V.json
ERROR:root:Unexpected error: QZw1GRTR.json
ERROR:root:Unexpected error: QZw5BWwr.json
ERROR:root:Unexpected error: QZw5gZsg.json
ERROR:root:Unexpected error: QZwBoV4h.json
ERROR:root:Unexpected error: QZwdztpd.json
ERROR:root:Unexpected error: QZwFhtjS.json
ERROR:root:Unexpected error: QZwZ49_V.json
ERROR:root:Unexpected error: QZxB68aR.json
ERROR:root:Unexpected error: QZxFutiV.json
ERROR:root:Unexpected error: QZxFYoC2.json
ERROR:root:Unexpected error: QZxhPYuB.json
ERROR:root:Unexpected error: QZXlRWp9.json
ERROR:root:Unexpected error: QZXNaMLX.json
ERROR:root:Unexpected error: QZXpE712.json
ERROR:root:Unexpected error: QZxtW2fn.json
ERROR:root:Unexpected error: QZxVYT_J.json
ERROR:root:Unexpected error: QZYAQmLs.json
ERROR:root:Unexpected error: QZYhpgZj.json
ERROR:root:Unexpected error: QZYJWIvK.json
ERROR:root:Unexpected error: QZYRn7sO.json
ERROR:root:Unexpected error: QZYRrUun.json
ERROR:root:Unexpected error: QZYxdoGg.json
ERROR:root:Unexpected error: QZz5g8JZ.json
ERROR:root:Unexpected error: QZZBuhxx.json
ERROR:root:Unexpected error: QZzFH4Eq.json
ERROR:root:Unexpected error: QZzJDwf5.json
ERROR:root:Unexpected error: QZZkT0G8.json
ERROR:root:Invalid JSON file: scrape_log.log
ERROR:root:Unexpected error: AZ1W1KUM.json
ERROR:root:Unexpected error: AZzO7stI.json
ERROR:root:Unexpected error: QZ-w6d6Z.json
ERROR:root:Unexpected error: QZ011ypP.json
ERROR:root:Unexpected error: QZ01C0vZ.json
ERROR:root:Unexpected error: QZ01DQ55.json
ERROR:root:Unexpected error: QZ01Tl0k.json
ERROR:root:Unexpected error: QZ01yH9G.json
ERROR:root:Unexpected error: QZ05gqPp.json
ERROR:root:Unexpected error: QZ05HUzq.json
ERROR:root:Unexpected error: QZ05jUIi.json
ERROR:root:Unexpected error: QZ05mqrq.json
ERROR:root:Unexpected error: QZ05qvG7.json
ERROR:root:Unexpected error: QZ05R1eC.json
ERROR:root:Unexpected error: QZ05VHkW.json
ERROR:root:Unexpected error: QZ09bPI4.json
ERROR:root:Unexpected error: QZ09Cb_C.json
ERROR:root:Unexpected error: QZ09Crys.json
ERROR:root:Unexpected error: QZ09GMfe.json
ERROR:root:Unexpected error: QZ09HSe_.json
ERROR:root:Unexpected error: QZ09KhCT.json
ERROR:root:Unexpected error: QZ09TXcB.json
ERROR:root:Unexpected error: QZ09XSTC.json
ERROR:root:Unexpected error: QZ0B6vFL.json
ERROR:root:Unexpected error: QZ0BhuYo.json
ERROR:root:Unexpected error: QZ0BU-bQ.json
ERROR:root:Unexpected error: QZ0BWbp9.json
ERROR:root:Unexpected error: QZ0By8hD.json
ERROR:root:Unexpected error: QZ0BzJLY.json
ERROR:root:Unexpected error: QZ0d1bvB.json
ERROR:root:Unexpected error: QZ0d4cJw.json
ERROR:root:Unexpected error: QZ0d4Y5x.json
ERROR:root:Unexpected error: QZ0dBKqk.json
ERROR:root:Unexpected error: QZ0dD0NW.json
ERROR:root:Unexpected error: QZ0dI052.json
ERROR:root:Unexpected error: QZ0dT4yc.json
ERROR:root:Unexpected error: QZ0dUccq.json
ERROR:root:Unexpected error: QZ0dW2bP.json
ERROR:root:Unexpected error: QZ0dziXM.json
ERROR:root:Unexpected error: QZ0dzJvw.json
ERROR:root:Unexpected error: QZ0F0B8c.json
ERROR:root:Unexpected error: QZ0F2q4Y.json
ERROR:root:Unexpected error: QZ0F3LR4.json
ERROR:root:Unexpected error: QZ0FGhui.json
ERROR:root:Unexpected error: QZ0FjFpv.json
ERROR:root:Unexpected error: QZ0FlnxW.json
ERROR:root:Unexpected error: QZ0Fn5Bd.json
ERROR:root:Unexpected error: QZ0FU9T4.json
ERROR:root:Unexpected error: QZ0FWrXm.json
ERROR:root:Unexpected error: QZ0h2ldO.json
ERROR:root:Unexpected error: QZ0h5vDQ.json
ERROR:root:Unexpected error: QZ0hAT2u.json
ERROR:root:Unexpected error: QZ0hdfdg.json
ERROR:root:Unexpected error: QZ0hHlBC.json
ERROR:root:Unexpected error: QZ0hnGLd.json
ERROR:root:Unexpected error: QZ0ho2CA.json
ERROR:root:Unexpected error: QZ0hUtM4.json
ERROR:root:Unexpected error: QZ0hx9FQ.json
ERROR:root:Unexpected error: QZ0hXFlE.json
ERROR:root:Unexpected error: QZ0hyMzG.json
ERROR:root:Unexpected error: QZ0JE7K-.json
ERROR:root:Unexpected error: QZ0l3qOb.json
ERROR:root:Unexpected error: QZ0lVoxV.json
ERROR:root:Unexpected error: QZ0lxtpu.json
ERROR:root:Unexpected error: QZ0lYavR.json
ERROR:root:Unexpected error: QZ0lz029.json
ERROR:root:Unexpected error: QZ0NEbnX.json
ERROR:root:Unexpected error: QZ0NXGo-.json
ERROR:root:Unexpected error: QZ0NYzSR.json
ERROR:root:Unexpected error: QZ0pTnh5.json
ERROR:root:Unexpected error: QZ0pVUgF.json
ERROR:root:Unexpected error: QZ0pySeH.json
ERROR:root:Unexpected error: QZ0Rhia3.json
ERROR:root:Unexpected error: QZ0RimIQ.json
ERROR:root:Unexpected error: QZ0RiVZt.json
ERROR:root:Unexpected error: QZ0RKc8R.json
ERROR:root:Unexpected error: QZ0Roddh.json
ERROR:root:Unexpected error: QZ0RyNCC.json
ERROR:root:Unexpected error: QZ0RywfE.json
ERROR:root:Unexpected error: QZ0t6DrO.json
ERROR:root:Unexpected error: QZ0tCrym.json
ERROR:root:Unexpected error: QZ0tjnmx.json
ERROR:root:Unexpected error: QZ0tmKcj.json
ERROR:root:Unexpected error: QZ0V5U1z.json
ERROR:root:Unexpected error: QZ0V9DtS.json
ERROR:root:Unexpected error: QZ0VjkJc.json
ERROR:root:Unexpected error: QZ0VTOxT.json
ERROR:root:Unexpected error: QZ0VX6jm.json
ERROR:root:Unexpected error: QZ0xRX2f.json
ERROR:root:Unexpected error: QZ0xu_x9.json
ERROR:root:Unexpected error: QZ0Z0xAi.json
ERROR:root:Unexpected error: QZ0Z1RU7.json
ERROR:root:Unexpected error: QZ0ZJ6XL.json
ERROR:root:Unexpected error: QZ0ZkVIP.json
ERROR:root:Unexpected error: QZ0Zy5oW.json
ERROR:root:Unexpected error: QZ113cBv.json
ERROR:root:Unexpected error: QZ115qjS.json
ERROR:root:Unexpected error: QZ11D8KO.json
ERROR:root:Unexpected error: QZ11Ei6z.json
ERROR:root:Unexpected error: QZ11FNu1.json
ERROR:root:Unexpected error: QZ11n6ep.json
ERROR:root:Unexpected error: QZ15GLa1.json
ERROR:root:Unexpected error: QZ1B2ZDd.json
ERROR:root:Unexpected error: QZ1BblZ7.json
ERROR:root:Unexpected error: QZ1BX3b6.json
ERROR:root:Unexpected error: QZ1d3RtX.json
ERROR:root:Unexpected error: QZ1doxtk.json
ERROR:root:Unexpected error: QZ1dVwF2.json
ERROR:root:Unexpected error: QZ1FEFBW.json
ERROR:root:Unexpected error: QZ1Fnugl.json
ERROR:root:Unexpected error: QZ1FXhVV.json
ERROR:root:Unexpected error: QZ1FY5KD.json
ERROR:root:Unexpected error: AZzO7stI.json
ERROR:root:Unexpected error: QZ-w6d6Z.json
ERROR:root:Unexpected error: QZ011ypP.json
ERROR:root:Unexpected error: QZ01C0vZ.json
ERROR:root:Unexpected error: QZ01DQ55.json
ERROR:root:Unexpected error: QZ01Tl0k.json
ERROR:root:Unexpected error: QZ05gqPp.json
ERROR:root:Unexpected error: QZ05HUzq.json
ERROR:root:Unexpected error: QZ05jUIi.json
ERROR:root:Unexpected error: QZ05qvG7.json
ERROR:root:Unexpected error: QZ05R1eC.json
ERROR:root:Unexpected error: QZ05VHkW.json
ERROR:root:Unexpected error: QZ09bPI4.json
ERROR:root:Unexpected error: QZ09Crys.json
ERROR:root:Unexpected error: QZ09GMfe.json
ERROR:root:Unexpected error: QZ09HSe_.json
ERROR:root:Unexpected error: QZ09KhCT.json
ERROR:root:Unexpected error: QZ09TXcB.json
ERROR:root:Unexpected error: QZ09XSTC.json
ERROR:root:Unexpected error: QZ0B6vFL.json
ERROR:root:Unexpected error: QZ0BhuYo.json
ERROR:root:Unexpected error: QZ0BU-bQ.json
ERROR:root:Unexpected error: QZ0BWbp9.json
ERROR:root:Unexpected error: QZ0By8hD.json
ERROR:root:Unexpected error: QZ0BzJLY.json
ERROR:root:Unexpected error: QZ0d1bvB.json
ERROR:root:Unexpected error: QZ0d4cJw.json
ERROR:root:Unexpected error: QZ0d4Y5x.json
ERROR:root:Unexpected error: QZ0dBKqk.json
ERROR:root:Unexpected error: QZ0dI052.json
ERROR:root:Unexpected error: QZ0dT4yc.json
ERROR:root:Unexpected error: QZ0dUccq.json
ERROR:root:Unexpected error: QZ0dziXM.json
ERROR:root:Unexpected error: QZ0dzJvw.json
ERROR:root:Unexpected error: QZ0F0B8c.json
ERROR:root:Unexpected error: QZ0F2q4Y.json
ERROR:root:Unexpected error: QZ0F3LR4.json
ERROR:root:Unexpected error: QZ0FjFpv.json
ERROR:root:Unexpected error: QZ0FlnxW.json
ERROR:root:Unexpected error: QZ0Fn5Bd.json
ERROR:root:Unexpected error: QZ0FWrXm.json
ERROR:root:Unexpected error: QZ0h2ldO.json
ERROR:root:Unexpected error: QZ0h5vDQ.json
ERROR:root:Unexpected error: QZ0hAT2u.json
ERROR:root:Unexpected error: QZ0hHlBC.json
ERROR:root:Unexpected error: QZ0hnGLd.json
ERROR:root:Unexpected error: QZ0ho2CA.json
ERROR:root:Unexpected error: QZ0hUtM4.json
ERROR:root:Unexpected error: QZ0hXFlE.json
ERROR:root:Unexpected error: QZ0hyMzG.json
ERROR:root:Unexpected error: QZ0JE7K-.json
ERROR:root:Unexpected error: QZ0l3qOb.json
ERROR:root:Unexpected error: QZ0lVoxV.json
ERROR:root:Unexpected error: QZ0lxtpu.json
ERROR:root:Unexpected error: QZ0lYavR.json
ERROR:root:Unexpected error: QZ0lz029.json
ERROR:root:Unexpected error: QZ0NYzSR.json
ERROR:root:Unexpected error: QZ0pTnh5.json
ERROR:root:Unexpected error: QZ0pySeH.json
ERROR:root:Unexpected error: QZ0Rhia3.json
ERROR:root:Unexpected error: QZ0RimIQ.json
ERROR:root:Unexpected error: QZ0RKc8R.json
ERROR:root:Unexpected error: QZ0Roddh.json
ERROR:root:Unexpected error: QZ0RyNCC.json
ERROR:root:Unexpected error: QZ0t6DrO.json
ERROR:root:Unexpected error: QZ0tCrym.json
ERROR:root:Unexpected error: QZ0tjnmx.json
ERROR:root:Unexpected error: QZ0tmKcj.json
ERROR:root:Unexpected error: QZ0V5U1z.json
ERROR:root:Unexpected error: QZ0V9DtS.json
ERROR:root:Unexpected error: QZ0VjkJc.json
ERROR:root:Unexpected error: QZ0VTOxT.json
ERROR:root:Unexpected error: QZ0VX6jm.json
ERROR:root:Unexpected error: QZ0xRX2f.json
ERROR:root:Unexpected error: QZ0xu_x9.json
ERROR:root:Unexpected error: QZ0Z0xAi.json
ERROR:root:Unexpected error: QZ0Z1RU7.json
ERROR:root:Unexpected error: QZ0ZJ6XL.json
ERROR:root:Unexpected error: QZ0ZkVIP.json
ERROR:root:Unexpected error: QZ0Zy5oW.json
ERROR:root:Unexpected error: QZ113cBv.json
ERROR:root:Unexpected error: QZ115qjS.json
ERROR:root:Unexpected error: QZ11D8KO.json
ERROR:root:Unexpected error: QZ11Ei6z.json
ERROR:root:Unexpected error: QZ11FNu1.json
ERROR:root:Unexpected error: QZ11n6ep.json
ERROR:root:Unexpected error: QZ15GLa1.json
ERROR:root:Unexpected error: QZ1B2ZDd.json
ERROR:root:Unexpected error: QZ1BblZ7.json
ERROR:root:Unexpected error: QZ1BX3b6.json
ERROR:root:Unexpected error: QZ1d3RtX.json
ERROR:root:Unexpected error: QZ1doxtk.json
ERROR:root:Unexpected error: QZ1dVwF2.json
ERROR:root:Unexpected error: QZ1FEFBW.json
ERROR:root:Unexpected error: QZ1Fnugl.json
ERROR:root:Unexpected error: QZ1FXhVV.json
ERROR:root:Unexpected error: QZ1FY5KD.json
ERROR:root:Unexpected error: QZ1J2mT3.json
ERROR:root:Unexpected error: QZ1J5PI8.json
ERROR:root:Unexpected error: QZ1JrubW.json
ERROR:root:Unexpected error: QZ1lLPX6.json
ERROR:root:Unexpected error: QZ1N5FYo.json
ERROR:root:Unexpected error: QZ1NGNSj.json
ERROR:root:Unexpected error: QZ1NHRdV.json
ERROR:root:Unexpected error: QZ1NHxTH.json
ERROR:root:Unexpected error: QZ1NolOV.json
ERROR:root:Unexpected error: QZ1NVg1N.json
ERROR:root:Unexpected error: QZ1p46vQ.json
ERROR:root:Unexpected error: QZ1p6R_z.json
ERROR:root:Unexpected error: QZ1pGEIP.json
ERROR:root:Unexpected error: QZ1pHEWo.json
ERROR:root:Unexpected error: QZ1pYyeD.json
ERROR:root:Unexpected error: QZ1Roo0n.json
ERROR:root:Unexpected error: QZ1ta8t9.json
ERROR:root:Unexpected error: QZ1tmImc.json
ERROR:root:Unexpected error: QZ1toIRh.json
ERROR:root:Unexpected error: QZ1V1ojj.json
ERROR:root:Unexpected error: QZ1V1ZZk.json
ERROR:root:Unexpected error: QZ1VFoC7.json
ERROR:root:Unexpected error: QZ1x6SxY.json
ERROR:root:Unexpected error: QZ1xq71K.json
ERROR:root:Unexpected error: QZ1xWAfG.json
ERROR:root:Unexpected error: QZ1Z3seb.json
ERROR:root:Unexpected error: QZ6QTfux.json
ERROR:root:Unexpected error: QZaNgSyI.json
ERROR:root:Unexpected error: QZb1WMr9.json
ERROR:root:Unexpected error: QZbFg0HR.json
ERROR:root:Unexpected error: QZcB7ZMj.json
ERROR:root:Unexpected error: QZcBss6R.json
ERROR:root:Unexpected error: QZCph1La.json
ERROR:root:Unexpected error: QZcR2Q9W.json
ERROR:root:Unexpected error: QZctWxVL.json
ERROR:root:Unexpected error: QZcxWN7O.json
ERROR:root:Unexpected error: QZdh6_Z6.json
ERROR:root:Unexpected error: QZdJLBoZ.json
ERROR:root:Unexpected error: QZdxPA06.json
ERROR:root:Unexpected error: QZg0fCmx.json
ERROR:root:Unexpected error: QZGNS1M7.json
ERROR:root:Unexpected error: QZh9Jc28.json
ERROR:root:Unexpected error: QZhpcBND.json
ERROR:root:Unexpected error: QZHRsnvS.json
ERROR:root:Unexpected error: QZhx5C5F.json
ERROR:root:Unexpected error: QZhxMe2u.json
ERROR:root:Unexpected error: QZhxNYKQ.json
ERROR:root:Unexpected error: QZHZoipB.json
ERROR:root:Unexpected error: QZiNiuyI.json
ERROR:root:Unexpected error: QZIomhos.json
ERROR:root:Unexpected error: QZj9BOfl.json
ERROR:root:Unexpected error: QZjFQEd8.json
ERROR:root:Unexpected error: QZjFSq6Q.json
ERROR:root:Unexpected error: QZk1YaSO.json
ERROR:root:Unexpected error: QZk5lj4x.json
ERROR:root:Unexpected error: QZk9qAoN.json
ERROR:root:Unexpected error: QZkhlVXy.json
ERROR:root:Unexpected error: QZkJOTRm.json
ERROR:root:Unexpected error: QZktL15X.json
ERROR:root:Unexpected error: QZkZ1Tva.json
ERROR:root:Unexpected error: QZl59BM5.json
ERROR:root:Unexpected error: QZlAB8CD.json
ERROR:root:Unexpected error: QZlBZuHh.json
ERROR:root:Unexpected error: QZlNO-QL.json
ERROR:root:Unexpected error: QZlVrpI0.json
ERROR:root:Unexpected error: QZlx6FC-.json
ERROR:root:Unexpected error: QZLxqLWk.json
ERROR:root:Unexpected error: QZn9x6tD.json
ERROR:root:Unexpected error: QZnhCS8z.json
ERROR:root:Unexpected error: QZnJjK6N.json
ERROR:root:Unexpected error: QZnxCW7f.json
ERROR:root:Unexpected error: QZo15zdY.json
ERROR:root:Unexpected error: QZoBkO4T.json
ERROR:root:Unexpected error: QZolWKP5.json
ERROR:root:Unexpected error: QZopoG-B.json
ERROR:root:Unexpected error: QZP15WQk.json
ERROR:root:Unexpected error: QZP91ORs.json
ERROR:root:Unexpected error: QZPF20VY.json
ERROR:root:Unexpected error: QZPhCbA-.json
ERROR:root:Unexpected error: QZPpTHdQ.json
ERROR:root:Unexpected error: QZpx4RYC.json
ERROR:root:Unexpected error: QZQFvgQh.json
ERROR:root:Unexpected error: QZqlMO0G.json
ERROR:root:Unexpected error: QZqpf9dl.json
ERROR:root:Unexpected error: QZQprMiT.json
ERROR:root:Unexpected error: QZqR-AID.json
ERROR:root:Unexpected error: QZQx3DTY.json
ERROR:root:Unexpected error: QZR8kPXW.json
ERROR:root:Unexpected error: QZrRCzCO.json
ERROR:root:Unexpected error: QZs5z0yY.json
ERROR:root:Unexpected error: QZsBzZGh.json
ERROR:root:Unexpected error: QZsdAbWJ.json
ERROR:root:Unexpected error: QZsFyQzD.json
ERROR:root:Unexpected error: QZShBKbz.json
ERROR:root:Unexpected error: QZsJkPYo.json
ERROR:root:Unexpected error: QZspkqvF.json
ERROR:root:Unexpected error: QZStRXON.json
ERROR:root:Unexpected error: QZSx0oD5.json
ERROR:root:Unexpected error: QZsZnnw1.json
ERROR:root:Unexpected error: QZt19XsL.json
ERROR:root:Unexpected error: QZtddts8.json
ERROR:root:Unexpected error: QZtJcBeZ.json
ERROR:root:Unexpected error: QZTJDYrO.json
ERROR:root:Unexpected error: QZtlIY02.json
ERROR:root:Unexpected error: QZTx0laj.json
ERROR:root:Unexpected error: QZtxIoQ3.json
ERROR:root:Unexpected error: QZuFMhve.json
ERROR:root:Unexpected error: QZUhO1jH.json
ERROR:root:Unexpected error: QZulvmeG.json
ERROR:root:Unexpected error: QZUp8OXH.json
ERROR:root:Unexpected error: QZuR-4Ce.json
ERROR:root:Unexpected error: QZuZN2y5.json
ERROR:root:Unexpected error: QZuZt5uq.json
ERROR:root:Unexpected error: QZuZuzmc.json
ERROR:root:Unexpected error: QZv1yE_x.json
ERROR:root:Unexpected error: QZv9SQMo.json
ERROR:root:Unexpected error: QZvlAXZp.json
ERROR:root:Unexpected error: QZVpxIwz.json
ERROR:root:Unexpected error: QZvVVC-V.json
ERROR:root:Unexpected error: QZw1GRTR.json
ERROR:root:Unexpected error: QZw5BWwr.json
ERROR:root:Unexpected error: QZw5gZsg.json
ERROR:root:Unexpected error: QZwBoV4h.json
ERROR:root:Unexpected error: QZwdztpd.json
ERROR:root:Unexpected error: QZwFhtjS.json
ERROR:root:Unexpected error: QZwZ49_V.json
ERROR:root:Unexpected error: QZxB68aR.json
ERROR:root:Unexpected error: QZxFutiV.json
ERROR:root:Unexpected error: QZxFYoC2.json
ERROR:root:Unexpected error: QZxhPYuB.json
ERROR:root:Unexpected error: QZXlRWp9.json
ERROR:root:Unexpected error: QZXNaMLX.json
ERROR:root:Unexpected error: QZXpE712.json
ERROR:root:Unexpected error: QZxtW2fn.json
ERROR:root:Unexpected error: QZxVYT_J.json
ERROR:root:Unexpected error: QZYAQmLs.json
ERROR:root:Unexpected error: QZYhpgZj.json
ERROR:root:Unexpected error: QZYJWIvK.json
ERROR:root:Unexpected error: QZYRn7sO.json
ERROR:root:Unexpected error: QZYRrUun.json
ERROR:root:Unexpected error: QZYxdoGg.json
ERROR:root:Unexpected error: QZz5g8JZ.json
ERROR:root:Unexpected error: QZZBuhxx.json
ERROR:root:Unexpected error: QZzFH4Eq.json
ERROR:root:Unexpected error: QZzJDwf5.json
ERROR:root:Unexpected error: QZZkT0G8.json
ERROR:root:Invalid JSON file: scrape_log.log
ERROR:root:Unexpected error: table.json
ERROR:root:Unexpected error: AZzO7stI.json
ERROR:root:Unexpected error: QZ-w6d6Z.json
ERROR:root:Unexpected error: QZ011ypP.json
ERROR:root:Unexpected error: QZ01C0vZ.json
ERROR:root:Unexpected error: QZ01DQ55.json
ERROR:root:Unexpected error: QZ01Tl0k.json
ERROR:root:Unexpected error: QZ05gqPp.json
ERROR:root:Unexpected error: QZ05HUzq.json
ERROR:root:Unexpected error: QZ05jUIi.json
ERROR:root:Unexpected error: QZ05qvG7.json
ERROR:root:Unexpected error: QZ05R1eC.json
ERROR:root:Unexpected error: QZ05VHkW.json
ERROR:root:Unexpected error: QZ09bPI4.json
ERROR:root:Unexpected error: QZ09Crys.json
ERROR:root:Unexpected error: QZ09GMfe.json
ERROR:root:Unexpected error: QZ09HSe_.json
ERROR:root:Unexpected error: QZ09KhCT.json
ERROR:root:Unexpected error: QZ09TXcB.json
ERROR:root:Unexpected error: QZ09XSTC.json
ERROR:root:Unexpected error: QZ0B6vFL.json
ERROR:root:Unexpected error: QZ0BhuYo.json
ERROR:root:Unexpected error: QZ0BU-bQ.json
ERROR:root:Unexpected error: QZ0BWbp9.json
ERROR:root:Unexpected error: QZ0By8hD.json
ERROR:root:Unexpected error: QZ0BzJLY.json
ERROR:root:Unexpected error: QZ0d1bvB.json
ERROR:root:Unexpected error: QZ0d4cJw.json
ERROR:root:Unexpected error: QZ0d4Y5x.json
ERROR:root:Unexpected error: QZ0dBKqk.json
ERROR:root:Unexpected error: QZ0dI052.json
ERROR:root:Unexpected error: QZ0dT4yc.json
ERROR:root:Unexpected error: QZ0dUccq.json
ERROR:root:Unexpected error: QZ0dziXM.json
ERROR:root:Unexpected error: QZ0dzJvw.json
ERROR:root:Unexpected error: QZ0F0B8c.json
ERROR:root:Unexpected error: QZ0F2q4Y.json
ERROR:root:Unexpected error: QZ0F3LR4.json
ERROR:root:Unexpected error: QZ0FjFpv.json
ERROR:root:Unexpected error: QZ0FlnxW.json
ERROR:root:Unexpected error: QZ0Fn5Bd.json
ERROR:root:Unexpected error: QZ0FWrXm.json
ERROR:root:Unexpected error: QZ0h2ldO.json
ERROR:root:Unexpected error: QZ0h5vDQ.json
ERROR:root:Unexpected error: QZ0hAT2u.json
ERROR:root:Unexpected error: QZ0hEp9l.json
ERROR:root:Unexpected error: QZ0hHlBC.json
ERROR:root:Unexpected error: QZ0hnGLd.json
ERROR:root:Unexpected error: QZ0ho2CA.json
ERROR:root:Unexpected error: QZ0hUtM4.json
ERROR:root:Unexpected error: QZ0hXFlE.json
ERROR:root:Unexpected error: QZ0hyMzG.json
ERROR:root:Unexpected error: QZ0JE7K-.json
ERROR:root:Unexpected error: QZ0l3qOb.json
ERROR:root:Unexpected error: QZ0lVoxV.json
ERROR:root:Unexpected error: QZ0lxtpu.json
ERROR:root:Unexpected error: QZ0lYavR.json
ERROR:root:Unexpected error: QZ0lz029.json
ERROR:root:Unexpected error: QZ0NYzSR.json
ERROR:root:Unexpected error: QZ0pTnh5.json
ERROR:root:Unexpected error: QZ0pySeH.json
ERROR:root:Unexpected error: QZ0Rhia3.json
ERROR:root:Unexpected error: QZ0RimIQ.json
ERROR:root:Unexpected error: QZ0RKc8R.json
ERROR:root:Unexpected error: QZ0Roddh.json
ERROR:root:Unexpected error: QZ0RyNCC.json
ERROR:root:Unexpected error: QZ0t6DrO.json
ERROR:root:Unexpected error: QZ0tCrym.json
ERROR:root:Unexpected error: QZ0tjnmx.json
ERROR:root:Unexpected error: QZ0tmKcj.json
ERROR:root:Unexpected error: QZ0V5U1z.json
ERROR:root:Unexpected error: QZ0V9DtS.json
ERROR:root:Unexpected error: QZ0VjkJc.json
ERROR:root:Unexpected error: QZ0VTOxT.json
ERROR:root:Unexpected error: QZ0VX6jm.json
ERROR:root:Unexpected error: QZ0xRX2f.json
ERROR:root:Unexpected error: QZ0xu_x9.json
ERROR:root:Unexpected error: QZ0Z0xAi.json
ERROR:root:Unexpected error: QZ0Z1RU7.json
ERROR:root:Unexpected error: AZzO7stI.json
ERROR:root:Unexpected error: QZ-w6d6Z.json
ERROR:root:Unexpected error: QZ011ypP.json
ERROR:root:Unexpected error: QZ01C0vZ.json
ERROR:root:Unexpected error: QZ01DQ55.json
ERROR:root:Unexpected error: QZ01Tl0k.json
ERROR:root:Unexpected error: QZ05gqPp.json
ERROR:root:Unexpected error: QZ05HUzq.json
ERROR:root:Unexpected error: QZ05jUIi.json
ERROR:root:Unexpected error: QZ05qvG7.json
ERROR:root:Unexpected error: QZ05R1eC.json
ERROR:root:Unexpected error: QZ05VHkW.json
ERROR:root:Unexpected error: QZ09bPI4.json
ERROR:root:Unexpected error: QZ09Crys.json
ERROR:root:Unexpected error: QZ09GMfe.json
ERROR:root:Unexpected error: QZ09HSe_.json
ERROR:root:Unexpected error: QZ09KhCT.json
ERROR:root:Unexpected error: QZ09TXcB.json
ERROR:root:Unexpected error: QZ09XSTC.json
ERROR:root:Unexpected error: QZ0B6vFL.json
ERROR:root:Unexpected error: QZ0BhuYo.json
ERROR:root:Unexpected error: QZ0BU-bQ.json
ERROR:root:Unexpected error: QZ0BWbp9.json
ERROR:root:Unexpected error: QZ0By8hD.json
ERROR:root:Unexpected error: QZ0BzJLY.json
ERROR:root:Unexpected error: QZ0d1bvB.json
ERROR:root:Unexpected error: QZ0d4cJw.json
ERROR:root:Unexpected error: QZ0d4Y5x.json
ERROR:root:Unexpected error: QZ0dBKqk.json
ERROR:root:Unexpected error: QZ0dI052.json
ERROR:root:Unexpected error: QZ0dT4yc.json
ERROR:root:Unexpected error: QZ0dUccq.json
ERROR:root:Unexpected error: QZ0dziXM.json
ERROR:root:Unexpected error: QZ0dzJvw.json
ERROR:root:Unexpected error: QZ0F0B8c.json
ERROR:root:Unexpected error: QZ0F2q4Y.json
ERROR:root:Unexpected error: QZ0F3LR4.json
ERROR:root:Unexpected error: QZ0FjFpv.json
ERROR:root:Unexpected error: QZ0FlnxW.json
ERROR:root:Unexpected error: QZ0Fn5Bd.json
ERROR:root:Unexpected error: QZ0FWrXm.json
ERROR:root:Unexpected error: QZ0h2ldO.json
ERROR:root:Unexpected error: QZ0h5vDQ.json
ERROR:root:Unexpected error: QZ0hAT2u.json
ERROR:root:Unexpected error: QZ0hHlBC.json
ERROR:root:Unexpected error: QZ0hnGLd.json
ERROR:root:Unexpected error: QZ0ho2CA.json
ERROR:root:Unexpected error: QZ0hUtM4.json
ERROR:root:Unexpected error: QZ0hXFlE.json
ERROR:root:Unexpected error: QZ0hyMzG.json
ERROR:root:Unexpected error: QZ0JE7K-.json
ERROR:root:Unexpected error: QZ0l3qOb.json
ERROR:root:Unexpected error: QZ0lVoxV.json
ERROR:root:Unexpected error: QZ0lxtpu.json
ERROR:root:Unexpected error: QZ0lYavR.json
ERROR:root:Unexpected error: QZ0lz029.json
ERROR:root:Unexpected error: QZ0NYzSR.json
ERROR:root:Unexpected error: QZ0pTnh5.json
ERROR:root:Unexpected error: QZ0pySeH.json
ERROR:root:Unexpected error: QZ0Rhia3.json
ERROR:root:Unexpected error: QZ0RimIQ.json
ERROR:root:Unexpected error: QZ0RKc8R.json
ERROR:root:Unexpected error: QZ0Roddh.json
ERROR:root:Unexpected error: QZ0RyNCC.json
ERROR:root:Unexpected error: QZ0t6DrO.json
ERROR:root:Unexpected error: QZ0tCrym.json
ERROR:root:Unexpected error: QZ0tjnmx.json
ERROR:root:Unexpected error: QZ0tmKcj.json
ERROR:root:Unexpected error: QZ0V5U1z.json
ERROR:root:Unexpected error: QZ0V9DtS.json
ERROR:root:Unexpected error: QZ0VjkJc.json
ERROR:root:Unexpected error: QZ0VTOxT.json
ERROR:root:Unexpected error: QZ0VX6jm.json
ERROR:root:Unexpected error: QZ0xRX2f.json
ERROR:root:Unexpected error: QZ0xu_x9.json
ERROR:root:Unexpected error: QZ0Z0xAi.json
ERROR:root:Unexpected error: QZ0Z1RU7.json
ERROR:root:Unexpected error: QZ0ZJ6XL.json
ERROR:root:Unexpected error: QZ0ZkVIP.json
ERROR:root:Unexpected error: QZ0Zy5oW.json
ERROR:root:Unexpected error: QZ113cBv.json
ERROR:root:Unexpected error: QZ115qjS.json
ERROR:root:Unexpected error: QZ11D8KO.json
ERROR:root:Unexpected error: QZ11Ei6z.json
ERROR:root:Unexpected error: QZ11FNu1.json
ERROR:root:Unexpected error: QZ11n6ep.json
ERROR:root:Unexpected error: QZ15GLa1.json
ERROR:root:Unexpected error: QZ1B2ZDd.json
ERROR:root:Unexpected error: QZ1BblZ7.json
ERROR:root:Unexpected error: QZ1BX3b6.json
ERROR:root:Unexpected error: QZ1d3RtX.json
ERROR:root:Unexpected error: QZ1doxtk.json
ERROR:root:Unexpected error: QZ1dVwF2.json
ERROR:root:Unexpected error: QZ1FEFBW.json
ERROR:root:Unexpected error: QZ1Fnugl.json
ERROR:root:Unexpected error: QZ1FXhVV.json
ERROR:root:Unexpected error: QZ1FY5KD.json
ERROR:root:Unexpected error: QZ1J2mT3.json
ERROR:root:Unexpected error: QZ1J5PI8.json
ERROR:root:Unexpected error: QZ1JrubW.json
ERROR:root:Unexpected error: QZ1lLPX6.json
ERROR:root:Unexpected error: QZ1N5FYo.json
ERROR:root:Unexpected error: QZ1NGNSj.json
ERROR:root:Unexpected error: QZ1NHRdV.json
ERROR:root:Unexpected error: QZ1NHxTH.json
ERROR:root:Unexpected error: QZ1NolOV.json
ERROR:root:Unexpected error: QZ1NVg1N.json
ERROR:root:Unexpected error: QZ1p46vQ.json
ERROR:root:Unexpected error: QZ1p6R_z.json
ERROR:root:Unexpected error: QZ1pGEIP.json
ERROR:root:Unexpected error: QZ1pHEWo.json
ERROR:root:Unexpected error: QZ1pYyeD.json
ERROR:root:Unexpected error: QZ1Roo0n.json
ERROR:root:Unexpected error: QZ1ta8t9.json
ERROR:root:Unexpected error: QZ1tmImc.json
ERROR:root:Unexpected error: QZ1toIRh.json
ERROR:root:Unexpected error: QZ1V1ojj.json
ERROR:root:Unexpected error: QZ1V1ZZk.json
ERROR:root:Unexpected error: QZ1VFoC7.json
ERROR:root:Unexpected error: QZ1x6SxY.json
ERROR:root:Unexpected error: QZ1xq71K.json
ERROR:root:Unexpected error: QZ1xWAfG.json
ERROR:root:Unexpected error: QZ1Z3seb.json
ERROR:root:Unexpected error: QZ6QTfux.json
ERROR:root:Unexpected error: QZaNgSyI.json
ERROR:root:Unexpected error: QZb1WMr9.json
ERROR:root:Unexpected error: QZbFg0HR.json
ERROR:root:Unexpected error: QZcB7ZMj.json
ERROR:root:Unexpected error: QZcBss6R.json
ERROR:root:Unexpected error: QZCph1La.json
ERROR:root:Unexpected error: QZcR2Q9W.json
ERROR:root:Unexpected error: QZctWxVL.json
ERROR:root:Unexpected error: QZcxWN7O.json
ERROR:root:Unexpected error: QZdh6_Z6.json
ERROR:root:Unexpected error: QZdJLBoZ.json
ERROR:root:Unexpected error: QZdxPA06.json
ERROR:root:Unexpected error: QZg0fCmx.json
ERROR:root:Unexpected error: QZGNS1M7.json
ERROR:root:Unexpected error: QZh9Jc28.json
ERROR:root:Unexpected error: QZhpcBND.json
ERROR:root:Unexpected error: QZHRsnvS.json
ERROR:root:Unexpected error: QZhx5C5F.json
ERROR:root:Unexpected error: QZhxMe2u.json
ERROR:root:Unexpected error: QZhxNYKQ.json
ERROR:root:Unexpected error: QZHZoipB.json
ERROR:root:Unexpected error: QZiNiuyI.json
ERROR:root:Unexpected error: QZIomhos.json
ERROR:root:Unexpected error: QZj9BOfl.json
ERROR:root:Unexpected error: QZjFQEd8.json
ERROR:root:Unexpected error: QZjFSq6Q.json
ERROR:root:Unexpected error: QZk1YaSO.json
ERROR:root:Unexpected error: QZk5lj4x.json
ERROR:root:Unexpected error: QZk9qAoN.json
ERROR:root:Unexpected error: QZkhlVXy.json
ERROR:root:Unexpected error: QZkJOTRm.json
ERROR:root:Unexpected error: QZktL15X.json
ERROR:root:Unexpected error: QZkZ1Tva.json
ERROR:root:Unexpected error: QZl59BM5.json
ERROR:root:Unexpected error: QZlAB8CD.json
ERROR:root:Unexpected error: QZlBZuHh.json
ERROR:root:Unexpected error: QZlNO-QL.json
ERROR:root:Unexpected error: QZlVrpI0.json
ERROR:root:Unexpected error: QZlx6FC-.json
ERROR:root:Unexpected error: QZLxqLWk.json
ERROR:root:Unexpected error: QZn9x6tD.json
ERROR:root:Unexpected error: QZnhCS8z.json
ERROR:root:Unexpected error: QZnJjK6N.json
ERROR:root:Unexpected error: QZnxCW7f.json
ERROR:root:Unexpected error: QZo15zdY.json
ERROR:root:Unexpected error: QZoBkO4T.json
ERROR:root:Unexpected error: QZolWKP5.json
ERROR:root:Unexpected error: QZopoG-B.json
ERROR:root:Unexpected error: QZP15WQk.json
ERROR:root:Unexpected error: QZP91ORs.json
ERROR:root:Unexpected error: QZPF20VY.json
ERROR:root:Unexpected error: QZPhCbA-.json
ERROR:root:Unexpected error: QZPpTHdQ.json
ERROR:root:Unexpected error: QZpx4RYC.json
ERROR:root:Unexpected error: QZQFvgQh.json
ERROR:root:Unexpected error: QZqlMO0G.json
ERROR:root:Unexpected error: QZqpf9dl.json
ERROR:root:Unexpected error: QZQprMiT.json
ERROR:root:Unexpected error: QZqR-AID.json
ERROR:root:Unexpected error: QZQx3DTY.json
ERROR:root:Unexpected error: QZR8kPXW.json
ERROR:root:Unexpected error: QZrRCzCO.json
ERROR:root:Unexpected error: QZs5z0yY.json
ERROR:root:Unexpected error: QZsBzZGh.json
ERROR:root:Unexpected error: QZsdAbWJ.json
ERROR:root:Unexpected error: QZsFyQzD.json
ERROR:root:Unexpected error: QZShBKbz.json
ERROR:root:Unexpected error: QZsJkPYo.json
ERROR:root:Unexpected error: QZspkqvF.json
ERROR:root:Unexpected error: QZStRXON.json
ERROR:root:Unexpected error: QZSx0oD5.json
ERROR:root:Unexpected error: QZsZnnw1.json
ERROR:root:Unexpected error: QZt19XsL.json
ERROR:root:Unexpected error: QZtddts8.json
ERROR:root:Unexpected error: QZtJcBeZ.json
ERROR:root:Unexpected error: QZTJDYrO.json
ERROR:root:Unexpected error: QZtlIY02.json
ERROR:root:Unexpected error: QZTx0laj.json
ERROR:root:Unexpected error: QZtxIoQ3.json
ERROR:root:Unexpected error: QZuFMhve.json
ERROR:root:Unexpected error: QZUhO1jH.json
ERROR:root:Unexpected error: QZulvmeG.json
ERROR:root:Unexpected error: QZUp8OXH.json
ERROR:root:Unexpected error: QZuR-4Ce.json
ERROR:root:Unexpected error: QZuZN2y5.json
ERROR:root:Unexpected error: QZuZt5uq.json
ERROR:root:Unexpected error: QZuZuzmc.json
ERROR:root:Unexpected error: QZv1yE_x.json
ERROR:root:Unexpected error: QZv9SQMo.json
ERROR:root:Unexpected error: QZvlAXZp.json
ERROR:root:Unexpected error: QZVpxIwz.json
ERROR:root:Unexpected error: QZvVVC-V.json
ERROR:root:Unexpected error: QZw1GRTR.json
ERROR:root:Unexpected error: QZw5BWwr.json
ERROR:root:Unexpected error: QZw5gZsg.json
ERROR:root:Unexpected error: QZwBoV4h.json
ERROR:root:Unexpected error: QZwdztpd.json
ERROR:root:Unexpected error: QZwFhtjS.json
ERROR:root:Unexpected error: QZwZ49_V.json
ERROR:root:Unexpected error: QZxB68aR.json
ERROR:root:Unexpected error: QZxFutiV.json
ERROR:root:Unexpected error: QZxFYoC2.json
ERROR:root:Unexpected error: QZxhPYuB.json
ERROR:root:Unexpected error: QZXlRWp9.json
ERROR:root:Unexpected error: QZXNaMLX.json
ERROR:root:Unexpected error: QZXpE712.json
ERROR:root:Unexpected error: QZxtW2fn.json
ERROR:root:Unexpected error: QZxVYT_J.json
ERROR:root:Unexpected error: QZYAQmLs.json
ERROR:root:Unexpected error: QZYhpgZj.json
ERROR:root:Unexpected error: QZYJWIvK.json
ERROR:root:Unexpected error: QZYRn7sO.json
ERROR:root:Unexpected error: QZYRrUun.json
ERROR:root:Unexpected error: QZYxdoGg.json
ERROR:root:Unexpected error: QZz5g8JZ.json
ERROR:root:Unexpected error: QZZBuhxx.json
ERROR:root:Unexpected error: QZzFH4Eq.json
ERROR:root:Unexpected error: QZzJDwf5.json
ERROR:root:Unexpected error: QZZkT0G8.json
ERROR:root:Invalid JSON file: scrape_log.log
ERROR:root:Unexpected error: table.json
