2023-09-12 19:18:50 - ERROR - An unexpected error occurred: scrape() got an unexpected keyword argument 'show_codes'
2023-09-12 19:24:19 - INFO - Saved: QZAQUYc9
2023-09-12 19:24:20 - INFO - Saved: AZzLugvw
2023-09-12 19:24:20 - INFO - Saved: AZkXX-Ce
2023-09-12 19:24:20 - INFO - Saved: AZm3ft79
2023-09-12 19:24:20 - INFO - Saved: AZePiLZK
2023-09-12 19:24:20 - INFO - Saved: AZ3bBZTJ
2023-09-12 19:24:20 - INFO - Saved: QZAIE6zA
2023-09-12 19:24:20 - INFO - Saved: AZ4jkiZE
2023-09-12 19:24:20 - INFO - Saved: AZdLvl69
2023-09-12 19:24:20 - INFO - Saved: AZh3-HQ7
2023-09-12 19:24:20 - INFO - Saved: AZqvA9Y7
2023-09-12 19:24:20 - INFO - Saved: AZd3eqTu
2023-09-12 19:24:20 - INFO - Saved: AZjD5yhg
2023-09-12 19:24:20 - INFO - Saved: QZAI0205
2023-09-12 19:24:20 - INFO - Saved: AZ9n-5yH
2023-09-12 19:24:20 - INFO - Saved: AZ6bgWqA
2023-09-12 19:24:20 - INFO - Saved: QZAMz0sV
2023-09-12 19:24:20 - INFO - Saved: AZ-nLRLA
2023-09-12 19:24:20 - INFO - Saved: QZAEEkMe
2023-09-12 19:24:20 - INFO - Saved: QZAMjsUR
2023-09-12 19:24:20 - INFO - Saved: QZAgDgc6
2023-09-12 19:24:20 - INFO - Saved: QZAA02_v
2023-09-12 19:24:20 - INFO - Saved: AZdHt2KF
2023-09-12 19:24:20 - INFO - Saved: AZ1TpBPF
2023-09-12 19:24:20 - INFO - Page 1 scraped. Last post date is 1694515439530204.
2023-09-12 19:24:21 - INFO - Saved: QZA4j9xe
2023-09-12 19:24:21 - INFO - Saved: QZAozrUU
2023-09-12 19:24:21 - INFO - Saved: AZ8nDaJi
2023-09-12 19:24:21 - INFO - Saved: AZ9r2TMU
2023-09-12 19:24:21 - INFO - Saved: AZsjUcVr
2023-09-12 19:24:21 - INFO - Saved: QZA8jRUv
2023-09-12 19:24:21 - INFO - Saved: AZ3bzoYw
2023-09-12 19:24:21 - INFO - Saved: QZA8jTmj
2023-09-12 19:24:21 - INFO - Saved: QZA8zVw6
2023-09-12 19:24:21 - INFO - Saved: AZhXPi_8
2023-09-12 19:24:21 - INFO - Saved: AZxrde6L
2023-09-12 19:24:21 - INFO - Saved: QZA0zoUm
2023-09-12 19:24:21 - INFO - Saved: QZA4TN1G
2023-09-12 19:24:21 - INFO - Saved: AZ8j1ieS
2023-09-12 19:24:21 - INFO - Saved: QZA0DlHM
2023-09-12 19:24:21 - INFO - Saved: QZA0DOw5
2023-09-12 19:24:21 - INFO - Saved: QZAwzso6
2023-09-12 19:24:21 - INFO - Saved: QZA0zY9e
2023-09-12 19:24:21 - INFO - Saved: QZAwTffE
2023-09-12 19:24:21 - INFO - Saved: QZAwDTcj
2023-09-12 19:24:21 - INFO - Saved: QZA8DYr4
2023-09-12 19:24:21 - INFO - Saved: QZAwDRD6
2023-09-12 19:24:21 - INFO - Saved: QZAwzA5L
2023-09-12 19:24:21 - INFO - Saved: QZA0j4gT
2023-09-12 19:24:21 - INFO - Page 2 scraped. Last post date is 1694514258639270.
2023-09-12 19:24:23 - INFO - Saved: QZAsTAK4
2023-09-12 19:24:23 - INFO - Saved: AZ-7aRqX
2023-09-12 19:24:23 - INFO - Saved: AZ9Dn_hv
2023-09-12 19:24:23 - INFO - Saved: AZ8_0yxU
2023-09-12 19:24:23 - INFO - Saved: AZ1buhNQ
2023-09-12 19:24:23 - INFO - Saved: QZAoTv9C
2023-09-12 19:24:23 - INFO - Saved: AZ47V-RW
2023-09-12 19:24:23 - INFO - Saved: QZAozUZG
2023-09-12 19:24:23 - INFO - Saved: AZ2XdF_c
2023-09-12 19:24:23 - INFO - Saved: AZ773q5C
2023-09-12 19:24:23 - INFO - Saved: QZAkD_oJ
2023-09-12 19:24:23 - INFO - Saved: AZ0rRen7
2023-09-12 19:24:23 - INFO - Saved: AZoznTwb
2023-09-12 19:24:23 - INFO - Saved: QZAkDO3H
2023-09-12 19:24:23 - INFO - Saved: AZybEIDj
2023-09-12 19:24:23 - INFO - Saved: AZwHPnww
2023-09-12 19:24:23 - INFO - Saved: AZmHCq_m
2023-09-12 19:24:23 - INFO - Saved: AZkT9fgJ
2023-09-12 19:24:23 - INFO - Saved: QZAojTMV
2023-09-12 19:24:23 - INFO - Saved: QZAozvxq
2023-09-12 19:24:23 - INFO - Saved: QZAoDoZZ
2023-09-12 19:24:23 - INFO - Saved: QZAszCTC
2023-09-12 19:24:24 - INFO - Saved: QZAkTdVG
2023-09-12 19:24:25 - INFO - Saved: AZtnb1Eu
2023-09-12 19:24:25 - INFO - Page 3 scraped. Last post date is 1694513467354458.
2023-09-12 19:24:25 - INFO - Saved: AZuPR9Fw
2023-09-12 19:24:25 - INFO - Saved: AZ9bom6T
2023-09-12 19:24:25 - INFO - Saved: AZ5LoKKP
2023-09-12 19:24:25 - INFO - Saved: QZAgzR9h
2023-09-12 19:24:25 - INFO - Saved: QZAgTgsA
2023-09-12 19:24:25 - INFO - Saved: QZAgTZt4
2023-09-12 19:24:25 - INFO - Saved: QZAgjvcU
2023-09-12 19:24:25 - INFO - Saved: AZ8vByBe
2023-09-12 19:24:25 - INFO - Saved: QZAgTRGD
2023-09-12 19:24:26 - INFO - Saved: AZ8ijCz_
2023-09-12 19:24:26 - INFO - Saved: QZAgzSOg
2023-09-12 19:24:26 - INFO - Saved: QZAgDaYE
2023-09-12 19:24:26 - INFO - Saved: QZAgDFLi
2023-09-12 19:24:26 - INFO - Saved: QZAgDQMM
2023-09-12 19:24:26 - INFO - Saved: AZ5rJblU
2023-09-12 19:24:26 - INFO - Saved: AZ-TD71z
2023-09-12 19:24:26 - INFO - Saved: QZAYjqu_
2023-09-12 19:24:26 - INFO - Saved: QZAcjk19
2023-09-12 19:24:26 - INFO - Saved: AZ_rzoYU
2023-09-12 19:24:26 - INFO - Saved: AZ-P-hPX
2023-09-12 19:24:26 - INFO - Saved: QZAgTdEw
2023-09-12 19:24:26 - INFO - Saved: AZ-Xuv9a
2023-09-12 19:24:27 - INFO - Saved: QZAkTBqT
2023-09-12 19:24:28 - INFO - Saved: QZAcTmRs
2023-09-12 19:24:28 - INFO - Page 4 scraped. Last post date is 1694513043583067.
2023-09-12 19:24:28 - INFO - Saved: QZAcDJrN
2023-09-12 19:24:28 - INFO - Saved: AZ_zTyDX
2023-09-12 19:24:28 - INFO - Saved: QZAcjRNv
2023-09-12 19:24:28 - INFO - Saved: AZq_-PbA
2023-09-12 19:24:28 - INFO - Saved: AZ-XPfpa
2023-09-12 19:24:28 - INFO - Saved: AZ5_oKqR
2023-09-12 19:24:28 - INFO - Saved: AZsHjdZm
2023-09-12 19:24:28 - INFO - Saved: QZAYT3J7
2023-09-12 19:24:28 - INFO - Saved: QZAYjZdv
2023-09-12 19:24:28 - INFO - Saved: QZAYj_z9
2023-09-12 19:24:28 - INFO - Saved: AZYTfts_
2023-09-12 19:24:28 - INFO - Saved: AZhPR2t4
2023-09-12 19:24:28 - INFO - Saved: QZAYzrhJ
2023-09-12 19:24:28 - INFO - Saved: QZAYDkqN
2023-09-12 19:24:28 - INFO - Saved: AZk7lEZw
2023-09-12 19:24:28 - INFO - Saved: QZAYThv6
2023-09-12 19:24:28 - INFO - Saved: QZAYjVwT
2023-09-12 19:24:28 - INFO - Saved: QZAUDuCo
2023-09-12 19:24:28 - INFO - Saved: QZAUDrL3
2023-09-12 19:24:28 - INFO - Saved: QZAUzgeN
2023-09-12 19:24:28 - INFO - Saved: QZAUTC3K
2023-09-12 19:24:28 - INFO - Saved: QZAUD3iZ
2023-09-12 19:24:29 - INFO - Saved: QZAYjNa5
2023-09-12 19:24:29 - INFO - Saved: QZAUT_TR
2023-09-12 19:24:29 - INFO - Page 5 scraped. Last post date is 1694512525253954.
2023-09-12 19:24:30 - INFO - Saved: QZAUTDq6
2023-09-12 19:24:30 - INFO - Saved: QZAQjUyD
2023-09-12 19:24:30 - INFO - Saved: QZAMDrbD
2023-09-12 19:24:30 - INFO - Saved: QZAQjxgj
2023-09-12 19:24:30 - INFO - Saved: AZgDoDdc
2023-09-12 19:24:30 - INFO - Saved: AZ0r92km
2023-09-12 19:24:30 - INFO - Saved: QZAMjuP6
2023-09-12 19:24:30 - INFO - Saved: QZAQzQuZ
2023-09-12 19:24:30 - INFO - Saved: AZ8bDrKQ
2023-09-12 19:24:30 - INFO - Saved: QZAMj5eV
2023-09-12 19:24:30 - INFO - Saved: QZAMzJ5s
2023-09-12 19:24:30 - INFO - Saved: AZqjvx5D
2023-09-12 19:24:30 - INFO - Saved: QZAMzCSu
2023-09-12 19:24:30 - INFO - Saved: QZAIz_1o
2023-09-12 19:24:30 - INFO - Saved: AZ_XCxbA
2023-09-12 19:24:30 - INFO - Saved: AZ2_S7e6
2023-09-12 19:24:30 - INFO - Saved: QZAIjMGP
2023-09-12 19:24:30 - INFO - Saved: QZAIjpUt
2023-09-12 19:24:30 - INFO - Saved: AZ-bd8KE
2023-09-12 19:24:30 - INFO - Saved: QZAQz3e_
2023-09-12 19:24:31 - INFO - Saved: AZuXTWUp
2023-09-12 19:24:31 - INFO - Saved: QZAQjtmg
2023-09-12 19:24:31 - INFO - Saved: QZAMzTBe
2023-09-12 19:24:32 - INFO - Saved: QZAID2EZ
2023-09-12 19:24:32 - INFO - Page 6 scraped. Last post date is 1694511750458027.
2023-09-12 19:24:32 - INFO - Saved: QZA4yUBW
2023-09-12 19:24:32 - INFO - Saved: QZAIzYME
2023-09-12 19:24:32 - INFO - Saved: AZ2DuwWR
2023-09-12 19:24:32 - INFO - Saved: AZr3mlu5
2023-09-12 19:24:32 - INFO - Saved: AZ6jeAvM
2023-09-12 19:24:32 - INFO - Saved: AZ93oTB3
2023-09-12 19:24:32 - INFO - Saved: AZ1P_Ex2
2023-09-12 19:24:32 - INFO - Saved: QZAIDB31
2023-09-12 19:24:32 - INFO - Saved: QZAAjrQP
2023-09-12 19:24:32 - INFO - Saved: QZAEzdIs
2023-09-12 19:24:32 - INFO - Saved: QZAEzNuP
2023-09-12 19:24:32 - INFO - Saved: AZ8HGB5q
2023-09-12 19:24:32 - INFO - Saved: QZAETLmV
2023-09-12 19:24:32 - INFO - Saved: AZbHaVoc
2023-09-12 19:24:32 - INFO - Saved: QZAAjPZR
2023-09-12 19:24:32 - INFO - Saved: QZA8C05a
2023-09-12 19:24:32 - INFO - Saved: QZAAzUwx
2023-09-12 19:24:32 - INFO - Saved: QZAAT7CB
2023-09-12 19:24:32 - INFO - Saved: QZA8SwO9
2023-09-12 19:24:32 - INFO - Saved: QZA8isqH
2023-09-12 19:24:32 - INFO - Saved: QZA8CjZr
2023-09-12 19:24:33 - INFO - Saved: AZYzoCc1
2023-09-12 19:24:33 - INFO - Saved: QZAIjbnw
2023-09-12 19:24:33 - INFO - Saved: QZAAzF6x
2023-09-12 19:24:33 - INFO - Page 7 scraped. Last post date is 1694511027492106.
2023-09-12 19:24:34 - INFO - Saved: AZ873pND
2023-09-12 19:24:34 - INFO - Saved: QZA8yWe7
2023-09-12 19:24:34 - INFO - Saved: QZA8iUZ0
2023-09-12 19:24:34 - INFO - Saved: AZ3m5u81
2023-09-12 19:24:34 - INFO - Saved: QZA4C-Kv
2023-09-12 19:24:34 - INFO - Saved: QZA4iiAr
2023-09-12 19:24:34 - INFO - Saved: QZA4iz9_
2023-09-12 19:24:34 - INFO - Saved: QZA8SVO2
2023-09-12 19:24:34 - INFO - Saved: QZA4CjUe
2023-09-12 19:24:34 - INFO - Saved: QZA4SaFd
2023-09-12 19:24:34 - INFO - Saved: QZA4SaEp
2023-09-12 19:24:34 - INFO - Saved: AZvLk2a4
2023-09-12 19:24:34 - INFO - Saved: AZ8LSozq
2023-09-12 19:24:34 - INFO - Saved: AZpTvGpY
2023-09-12 19:24:34 - INFO - Saved: QZA4SaWA
2023-09-12 19:24:34 - INFO - Saved: QZA0CpLG
2023-09-12 19:24:34 - INFO - Saved: AZ8HDnxB
2023-09-12 19:24:34 - INFO - Saved: AZ_DBiK_
2023-09-12 19:24:34 - INFO - Saved: QZA0CvFA
2023-09-12 19:24:34 - INFO - Saved: AZ8vDIXF
2023-09-12 19:24:34 - INFO - Saved: QZA0yz8U
2023-09-12 19:24:34 - INFO - Saved: AZgnmI4X
2023-09-12 19:24:34 - INFO - Saved: AZ2fwfTH
2023-09-12 19:24:35 - INFO - Saved: QZA4ydze
2023-09-12 19:24:35 - INFO - Page 8 scraped. Last post date is 1694510523984403.
2023-09-12 19:24:36 - INFO - Saved: QZAsg87t
2023-09-12 19:24:36 - INFO - Saved: AZ_fDo9B
2023-09-12 19:24:36 - INFO - Saved: QZA0CcWw
2023-09-12 19:24:36 - INFO - Saved: QZAwyaMv
2023-09-12 19:24:36 - INFO - Saved: QZA0CXbe
2023-09-12 19:24:36 - INFO - Saved: AZ87FA8R
2023-09-12 19:24:36 - INFO - Saved: QZAwSuq6
2023-09-12 19:24:36 - INFO - Saved: AZvHnU3g
2023-09-12 19:24:36 - INFO - Saved: AZ8_iMQH
2023-09-12 19:24:36 - INFO - Saved: QZAwy2b0
2023-09-12 19:24:36 - INFO - Saved: QZA0yCIY
2023-09-12 19:24:36 - INFO - Saved: QZAwy1ve
2023-09-12 19:24:36 - INFO - Saved: AZtPrrcA
2023-09-12 19:24:36 - INFO - Saved: AZmLh289
2023-09-12 19:24:36 - INFO - Saved: QZAwSpP-
2023-09-12 19:24:36 - INFO - Saved: QZAwybRp
2023-09-12 19:24:36 - INFO - Saved: QZAsy-ho
2023-09-12 19:24:36 - INFO - Saved: QZAwS4-U
2023-09-12 19:24:36 - INFO - Saved: QZAwicHF
2023-09-12 19:24:37 - INFO - Saved: QZA0SSqp
2023-09-12 19:24:37 - INFO - Saved: AZ8_pqOv
2023-09-12 19:24:37 - INFO - Saved: QZA0CdM4
2023-09-12 19:24:37 - INFO - Saved: AZqzPVP-
2023-09-12 19:24:37 - INFO - Saved: QZAwynyt
2023-09-12 19:24:37 - INFO - Page 9 scraped. Last post date is 1694510191839966.
2023-09-12 19:24:38 - INFO - Saved: AZtX3nx3
2023-09-12 19:24:38 - INFO - Saved: AZ0_HEwf
2023-09-12 19:24:38 - INFO - Saved: QZAwSMC2
2023-09-12 19:24:38 - INFO - Saved: AZxXp6NL
2023-09-12 19:24:38 - INFO - Saved: QZAsC1kl
2023-09-12 19:24:38 - INFO - Saved: QZAsyp6V
2023-09-12 19:24:38 - INFO - Saved: QZAsShLH
2023-09-12 19:24:38 - INFO - Saved: AZ5HfcXz
2023-09-12 19:24:38 - INFO - Saved: AZ6rDxH8
2023-09-12 19:24:38 - INFO - Saved: AZ4XtF8P
2023-09-12 19:24:38 - INFO - Saved: AZ63xNDm
2023-09-12 19:24:38 - INFO - Saved: AZ2b-UBX
2023-09-12 19:24:38 - INFO - Saved: QZAsyjNc
2023-09-12 19:24:38 - INFO - Saved: AZ1jYiA6
2023-09-12 19:24:38 - INFO - Saved: QZAsSO_0
2023-09-12 19:24:38 - INFO - Saved: AZ9X7OSb
2023-09-12 19:24:38 - INFO - Saved: AZ6bhGjW
2023-09-12 19:24:38 - INFO - Saved: QZAsiICU
2023-09-12 19:24:38 - INFO - Saved: AZ0bGJFC
2023-09-12 19:24:38 - INFO - Saved: QZAsyTSZ
2023-09-12 19:24:38 - INFO - Saved: QZAsyQFd
2023-09-12 19:24:38 - INFO - Saved: AZ8bisZk
2023-09-12 19:24:38 - INFO - Saved: QZAsyOGW
2023-09-12 19:24:39 - INFO - Saved: AZ0_iY0d
2023-09-12 19:24:39 - INFO - Page 10 scraped. Last post date is 1694509887731493.
